[36m[2024-07-30 17:05:32 DEBUG] [__init__:101][39m ###############################################################################
[36m[2024-07-30 17:05:32 DEBUG] [__init__:102][39m Running command 'run'
[36m[2024-07-30 17:05:32 DEBUG] [__init__:106][39m Using settings file 'C:\Users\Adi\.chaostoolkit\settings.yaml'
[36m[2024-07-30 17:05:33 DEBUG] [settings:31][39m The Chaos Toolkit settings file could not be found at 'C:\Users\Adi\.chaostoolkit\settings.yaml'.
[36m[2024-07-30 17:05:33 DEBUG] [__init__:472][39m No controls to apply on 'loader'
[36m[2024-07-30 17:05:33 DEBUG] [__init__:472][39m No controls to apply on 'loader'
[36m[2024-07-30 17:05:33 DEBUG] [caching:24][39m Building activity cache...
[36m[2024-07-30 17:05:33 DEBUG] [caching:35][39m Cached 1 activities
[32m[2024-07-30 17:05:33 INFO] [experiment:59][39m Validating the experiment's syntax
[36m[2024-07-30 17:05:33 DEBUG] [configuration:64][39m Loading configuration...
[36m[2024-07-30 17:05:33 DEBUG] [secret:79][39m Loading secrets...
[36m[2024-07-30 17:05:33 DEBUG] [secret:104][39m Done loading secrets
[36m[2024-07-30 17:05:33 DEBUG] [caching:42][39m Clearing activities cache
[31m[2024-07-30 17:05:33 ERROR] [run:188][39m 'http' is not a supported activity type
[36m[2024-07-30 17:05:33 DEBUG] [run:189][39m 'http' is not a supported activity type
[36m[2024-07-30 17:08:45 DEBUG] [__init__:101][39m ###############################################################################
[36m[2024-07-30 17:08:45 DEBUG] [__init__:102][39m Running command 'discover'
[36m[2024-07-30 17:08:45 DEBUG] [__init__:106][39m Using settings file 'C:\Users\Adi\.chaostoolkit\settings.yaml'
[36m[2024-07-30 17:08:46 DEBUG] [settings:31][39m The Chaos Toolkit settings file could not be found at 'C:\Users\Adi\.chaostoolkit\settings.yaml'.
[32m[2024-07-30 17:08:46 INFO] [package:22][39m Attempting to download and install package 'chaostoolkit-requests'
[36m[2024-07-30 17:08:46 DEBUG] [package:32][39m 
[36m[2024-07-30 17:08:46 DEBUG] [package:36][39m failed to install `chaostoolkit-requests`
    =================
    
    =================
    ERROR: Could not find a version that satisfies the requirement chaostoolkit-requests (from versions: none)
    ERROR: No matching distribution found for chaostoolkit-requests
    
    
[36m[2024-07-30 17:08:46 DEBUG] [discover:53][39m Failed to discover chaostoolkit-requests
    Traceback (most recent call last):
      File "C:\Users\Adi\AppData\Local\Packages\PythonSoftwareFoundation.Python.3.8_qbz5n2kfra8p0\LocalCache\local-packages\Python38\site-packages\chaostoolkit\commands\discover.py", line 46, in discover
        discovery = disco(
      File "C:\Users\Adi\AppData\Local\Packages\PythonSoftwareFoundation.Python.3.8_qbz5n2kfra8p0\LocalCache\local-packages\Python38\site-packages\chaoslib\discovery\discover.py", line 46, in discover
        install(package_name)
      File "C:\Users\Adi\AppData\Local\Packages\PythonSoftwareFoundation.Python.3.8_qbz5n2kfra8p0\LocalCache\local-packages\Python38\site-packages\chaoslib\discovery\package.py", line 42, in install
        raise DiscoveryFailed(msg)
    chaoslib.exceptions.DiscoveryFailed: failed to install `chaostoolkit-requests`
[31m[2024-07-30 17:08:46 CRITICAL] [discover:54][39m failed to install `chaostoolkit-requests`
[36m[2024-07-30 17:12:54 DEBUG] [__init__:101][39m ###############################################################################
[36m[2024-07-30 17:12:54 DEBUG] [__init__:102][39m Running command 'run'
[36m[2024-07-30 17:12:54 DEBUG] [__init__:106][39m Using settings file 'C:\Users\Adi\.chaostoolkit\settings.yaml'
[36m[2024-07-30 17:12:54 DEBUG] [settings:31][39m The Chaos Toolkit settings file could not be found at 'C:\Users\Adi\.chaostoolkit\settings.yaml'.
[36m[2024-07-30 17:12:54 DEBUG] [__init__:472][39m No controls to apply on 'loader'
[36m[2024-07-30 17:12:54 DEBUG] [__init__:472][39m No controls to apply on 'loader'
[36m[2024-07-30 17:12:54 DEBUG] [caching:24][39m Building activity cache...
[36m[2024-07-30 17:12:54 DEBUG] [caching:35][39m Cached 1 activities
[32m[2024-07-30 17:12:54 INFO] [experiment:59][39m Validating the experiment's syntax
[36m[2024-07-30 17:12:54 DEBUG] [configuration:64][39m Loading configuration...
[36m[2024-07-30 17:12:54 DEBUG] [secret:79][39m Loading secrets...
[36m[2024-07-30 17:12:54 DEBUG] [secret:104][39m Done loading secrets
[36m[2024-07-30 17:12:54 DEBUG] [caching:42][39m Clearing activities cache
[31m[2024-07-30 17:12:54 ERROR] [run:188][39m 'http' is not a supported activity type
[36m[2024-07-30 17:12:54 DEBUG] [run:189][39m 'http' is not a supported activity type
[36m[2024-07-30 17:13:40 DEBUG] [__init__:101][39m ###############################################################################
[36m[2024-07-30 17:13:40 DEBUG] [__init__:102][39m Running command 'run'
[36m[2024-07-30 17:13:40 DEBUG] [__init__:106][39m Using settings file 'C:\Users\Adi\.chaostoolkit\settings.yaml'
[36m[2024-07-30 17:13:40 DEBUG] [settings:31][39m The Chaos Toolkit settings file could not be found at 'C:\Users\Adi\.chaostoolkit\settings.yaml'.
[36m[2024-07-30 17:13:40 DEBUG] [__init__:472][39m No controls to apply on 'loader'
[36m[2024-07-30 17:13:40 DEBUG] [__init__:472][39m No controls to apply on 'loader'
[36m[2024-07-30 17:13:40 DEBUG] [caching:24][39m Building activity cache...
[36m[2024-07-30 17:13:40 DEBUG] [caching:35][39m Cached 1 activities
[32m[2024-07-30 17:13:40 INFO] [experiment:59][39m Validating the experiment's syntax
[36m[2024-07-30 17:13:40 DEBUG] [configuration:64][39m Loading configuration...
[36m[2024-07-30 17:13:40 DEBUG] [secret:79][39m Loading secrets...
[36m[2024-07-30 17:13:40 DEBUG] [secret:104][39m Done loading secrets
[36m[2024-07-30 17:13:40 DEBUG] [caching:42][39m Clearing activities cache
[31m[2024-07-30 17:13:40 ERROR] [run:188][39m 'https' is not a supported activity type
[36m[2024-07-30 17:13:40 DEBUG] [run:189][39m 'https' is not a supported activity type
[36m[2024-07-30 17:13:52 DEBUG] [__init__:101][39m ###############################################################################
[36m[2024-07-30 17:13:52 DEBUG] [__init__:102][39m Running command 'run'
[36m[2024-07-30 17:13:52 DEBUG] [__init__:106][39m Using settings file 'C:\Users\Adi\.chaostoolkit\settings.yaml'
[36m[2024-07-30 17:13:52 DEBUG] [settings:31][39m The Chaos Toolkit settings file could not be found at 'C:\Users\Adi\.chaostoolkit\settings.yaml'.
[36m[2024-07-30 17:13:52 DEBUG] [__init__:472][39m No controls to apply on 'loader'
[36m[2024-07-30 17:13:52 DEBUG] [__init__:472][39m No controls to apply on 'loader'
[36m[2024-07-30 17:13:52 DEBUG] [caching:24][39m Building activity cache...
[36m[2024-07-30 17:13:52 DEBUG] [caching:35][39m Cached 1 activities
[32m[2024-07-30 17:13:52 INFO] [experiment:59][39m Validating the experiment's syntax
[36m[2024-07-30 17:13:52 DEBUG] [configuration:64][39m Loading configuration...
[36m[2024-07-30 17:13:52 DEBUG] [secret:79][39m Loading secrets...
[36m[2024-07-30 17:13:52 DEBUG] [secret:104][39m Done loading secrets
[36m[2024-07-30 17:13:52 DEBUG] [caching:42][39m Clearing activities cache
[31m[2024-07-30 17:13:52 ERROR] [run:188][39m 'http' is not a supported activity type
[36m[2024-07-30 17:13:52 DEBUG] [run:189][39m 'http' is not a supported activity type
[36m[2024-07-30 17:16:07 DEBUG] [__init__:101][39m ###############################################################################
[36m[2024-07-30 17:16:07 DEBUG] [__init__:102][39m Running command 'discover'
[36m[2024-07-30 17:16:07 DEBUG] [__init__:106][39m Using settings file 'C:\Users\Adi\.chaostoolkit\settings.yaml'
[36m[2024-07-30 17:16:08 DEBUG] [settings:31][39m The Chaos Toolkit settings file could not be found at 'C:\Users\Adi\.chaostoolkit\settings.yaml'.
[32m[2024-07-30 17:16:08 INFO] [package:22][39m Attempting to download and install package 'chaos-requests'
[36m[2024-07-30 17:16:08 DEBUG] [package:32][39m 
[36m[2024-07-30 17:16:08 DEBUG] [package:36][39m failed to install `chaos-requests`
    =================
    
    =================
    ERROR: Could not find a version that satisfies the requirement chaos-requests (from versions: none)
    ERROR: No matching distribution found for chaos-requests
    
    
[36m[2024-07-30 17:16:08 DEBUG] [discover:53][39m Failed to discover chaos-requests
    Traceback (most recent call last):
      File "C:\Users\Adi\AppData\Local\Packages\PythonSoftwareFoundation.Python.3.8_qbz5n2kfra8p0\LocalCache\local-packages\Python38\site-packages\chaostoolkit\commands\discover.py", line 46, in discover
        discovery = disco(
      File "C:\Users\Adi\AppData\Local\Packages\PythonSoftwareFoundation.Python.3.8_qbz5n2kfra8p0\LocalCache\local-packages\Python38\site-packages\chaoslib\discovery\discover.py", line 46, in discover
        install(package_name)
      File "C:\Users\Adi\AppData\Local\Packages\PythonSoftwareFoundation.Python.3.8_qbz5n2kfra8p0\LocalCache\local-packages\Python38\site-packages\chaoslib\discovery\package.py", line 42, in install
        raise DiscoveryFailed(msg)
    chaoslib.exceptions.DiscoveryFailed: failed to install `chaos-requests`
[31m[2024-07-30 17:16:08 CRITICAL] [discover:54][39m failed to install `chaos-requests`
[36m[2024-07-30 17:16:18 DEBUG] [__init__:101][39m ###############################################################################
[36m[2024-07-30 17:16:18 DEBUG] [__init__:102][39m Running command 'discover'
[36m[2024-07-30 17:16:18 DEBUG] [__init__:106][39m Using settings file 'C:\Users\Adi\.chaostoolkit\settings.yaml'
[36m[2024-07-30 17:16:19 DEBUG] [settings:31][39m The Chaos Toolkit settings file could not be found at 'C:\Users\Adi\.chaostoolkit\settings.yaml'.
[32m[2024-07-30 17:16:19 INFO] [package:22][39m Attempting to download and install package 'chaostoolkit-requests'
[36m[2024-07-30 17:16:19 DEBUG] [package:32][39m 
[36m[2024-07-30 17:16:19 DEBUG] [package:36][39m failed to install `chaostoolkit-requests`
    =================
    
    =================
    ERROR: Could not find a version that satisfies the requirement chaostoolkit-requests (from versions: none)
    ERROR: No matching distribution found for chaostoolkit-requests
    
    
[36m[2024-07-30 17:16:19 DEBUG] [discover:53][39m Failed to discover chaostoolkit-requests
    Traceback (most recent call last):
      File "C:\Users\Adi\AppData\Local\Packages\PythonSoftwareFoundation.Python.3.8_qbz5n2kfra8p0\LocalCache\local-packages\Python38\site-packages\chaostoolkit\commands\discover.py", line 46, in discover
        discovery = disco(
      File "C:\Users\Adi\AppData\Local\Packages\PythonSoftwareFoundation.Python.3.8_qbz5n2kfra8p0\LocalCache\local-packages\Python38\site-packages\chaoslib\discovery\discover.py", line 46, in discover
        install(package_name)
      File "C:\Users\Adi\AppData\Local\Packages\PythonSoftwareFoundation.Python.3.8_qbz5n2kfra8p0\LocalCache\local-packages\Python38\site-packages\chaoslib\discovery\package.py", line 42, in install
        raise DiscoveryFailed(msg)
    chaoslib.exceptions.DiscoveryFailed: failed to install `chaostoolkit-requests`
[31m[2024-07-30 17:16:19 CRITICAL] [discover:54][39m failed to install `chaostoolkit-requests`
[36m[2024-07-30 17:23:05 DEBUG] [__init__:101][39m ###############################################################################
[36m[2024-07-30 17:23:05 DEBUG] [__init__:102][39m Running command 'run'
[36m[2024-07-30 17:23:05 DEBUG] [__init__:106][39m Using settings file 'C:\Users\Adi\.chaostoolkit\settings.yaml'
[36m[2024-07-30 17:23:05 DEBUG] [settings:31][39m The Chaos Toolkit settings file could not be found at 'C:\Users\Adi\.chaostoolkit\settings.yaml'.
[36m[2024-07-30 17:23:05 DEBUG] [__init__:472][39m No controls to apply on 'loader'
[36m[2024-07-30 17:23:05 DEBUG] [__init__:472][39m No controls to apply on 'loader'
[36m[2024-07-30 17:23:05 DEBUG] [caching:24][39m Building activity cache...
[36m[2024-07-30 17:23:05 DEBUG] [caching:35][39m Cached 1 activities
[32m[2024-07-30 17:23:05 INFO] [experiment:59][39m Validating the experiment's syntax
[36m[2024-07-30 17:23:05 DEBUG] [configuration:64][39m Loading configuration...
[36m[2024-07-30 17:23:05 DEBUG] [secret:79][39m Loading secrets...
[36m[2024-07-30 17:23:05 DEBUG] [secret:104][39m Done loading secrets
[36m[2024-07-30 17:23:05 DEBUG] [caching:42][39m Clearing activities cache
[31m[2024-07-30 17:23:05 ERROR] [run:188][39m 'http' is not a supported activity type
[36m[2024-07-30 17:23:05 DEBUG] [run:189][39m 'http' is not a supported activity type
[36m[2024-07-30 17:24:41 DEBUG] [__init__:101][39m ###############################################################################
[36m[2024-07-30 17:24:41 DEBUG] [__init__:102][39m Running command 'validate'
[36m[2024-07-30 17:24:41 DEBUG] [__init__:106][39m Using settings file 'C:\Users\Adi\.chaostoolkit\settings.yaml'
[36m[2024-07-30 17:24:42 DEBUG] [settings:31][39m The Chaos Toolkit settings file could not be found at 'C:\Users\Adi\.chaostoolkit\settings.yaml'.
[36m[2024-07-30 17:24:42 DEBUG] [__init__:472][39m No controls to apply on 'loader'
[36m[2024-07-30 17:24:42 DEBUG] [__init__:472][39m No controls to apply on 'loader'
[31m[2024-07-30 17:24:42 ERROR] [validate:35][39m Path "your-experiment.json" does not exist.
[36m[2024-07-30 17:24:42 DEBUG] [validate:36][39m Path "your-experiment.json" does not exist.
[36m[2024-07-30 17:24:53 DEBUG] [__init__:101][39m ###############################################################################
[36m[2024-07-30 17:24:53 DEBUG] [__init__:102][39m Running command 'validate'
[36m[2024-07-30 17:24:53 DEBUG] [__init__:106][39m Using settings file 'C:\Users\Adi\.chaostoolkit\settings.yaml'
[36m[2024-07-30 17:24:54 DEBUG] [settings:31][39m The Chaos Toolkit settings file could not be found at 'C:\Users\Adi\.chaostoolkit\settings.yaml'.
[36m[2024-07-30 17:24:54 DEBUG] [__init__:472][39m No controls to apply on 'loader'
[36m[2024-07-30 17:24:54 DEBUG] [__init__:472][39m No controls to apply on 'loader'
[36m[2024-07-30 17:24:54 DEBUG] [caching:24][39m Building activity cache...
[36m[2024-07-30 17:24:54 DEBUG] [caching:35][39m Cached 1 activities
[32m[2024-07-30 17:24:54 INFO] [experiment:59][39m Validating the experiment's syntax
[36m[2024-07-30 17:24:54 DEBUG] [configuration:64][39m Loading configuration...
[36m[2024-07-30 17:24:54 DEBUG] [secret:79][39m Loading secrets...
[36m[2024-07-30 17:24:54 DEBUG] [secret:104][39m Done loading secrets
[36m[2024-07-30 17:24:54 DEBUG] [caching:42][39m Clearing activities cache
[31m[2024-07-30 17:24:54 ERROR] [validate:46][39m 'http' is not a supported activity type
[36m[2024-07-30 17:24:54 DEBUG] [validate:47][39m 'http' is not a supported activity type
[36m[2024-07-30 17:26:16 DEBUG] [__init__:101][39m ###############################################################################
[36m[2024-07-30 17:26:16 DEBUG] [__init__:102][39m Running command 'run'
[36m[2024-07-30 17:26:16 DEBUG] [__init__:106][39m Using settings file 'C:\Users\Adi\.chaostoolkit\settings.yaml'
[36m[2024-07-30 17:26:17 DEBUG] [settings:31][39m The Chaos Toolkit settings file could not be found at 'C:\Users\Adi\.chaostoolkit\settings.yaml'.
[36m[2024-07-30 17:26:17 DEBUG] [__init__:472][39m No controls to apply on 'loader'
[36m[2024-07-30 17:26:17 DEBUG] [__init__:472][39m No controls to apply on 'loader'
[36m[2024-07-30 17:26:17 DEBUG] [caching:24][39m Building activity cache...
[36m[2024-07-30 17:26:17 DEBUG] [caching:35][39m Cached 1 activities
[32m[2024-07-30 17:26:17 INFO] [experiment:59][39m Validating the experiment's syntax
[36m[2024-07-30 17:26:17 DEBUG] [configuration:64][39m Loading configuration...
[36m[2024-07-30 17:26:17 DEBUG] [secret:79][39m Loading secrets...
[36m[2024-07-30 17:26:17 DEBUG] [secret:104][39m Done loading secrets
[36m[2024-07-30 17:26:17 DEBUG] [caching:42][39m Clearing activities cache
[31m[2024-07-30 17:26:17 ERROR] [run:188][39m 'http' is not a supported activity type
[36m[2024-07-30 17:26:17 DEBUG] [run:189][39m 'http' is not a supported activity type
[36m[2024-07-30 17:27:37 DEBUG] [__init__:101][39m ###############################################################################
[36m[2024-07-30 17:27:37 DEBUG] [__init__:102][39m Running command 'run'
[36m[2024-07-30 17:27:37 DEBUG] [__init__:106][39m Using settings file 'C:\Users\Adi\.chaostoolkit\settings.yaml'
[36m[2024-07-30 17:27:38 DEBUG] [settings:31][39m The Chaos Toolkit settings file could not be found at 'C:\Users\Adi\.chaostoolkit\settings.yaml'.
[36m[2024-07-30 17:27:38 DEBUG] [__init__:472][39m No controls to apply on 'loader'
[36m[2024-07-30 17:27:38 DEBUG] [__init__:472][39m No controls to apply on 'loader'
[36m[2024-07-30 17:27:38 DEBUG] [caching:24][39m Building activity cache...
[36m[2024-07-30 17:27:38 DEBUG] [caching:35][39m Cached 1 activities
[32m[2024-07-30 17:27:38 INFO] [experiment:59][39m Validating the experiment's syntax
[36m[2024-07-30 17:27:38 DEBUG] [configuration:64][39m Loading configuration...
[36m[2024-07-30 17:27:38 DEBUG] [secret:79][39m Loading secrets...
[36m[2024-07-30 17:27:38 DEBUG] [secret:104][39m Done loading secrets
[36m[2024-07-30 17:27:38 DEBUG] [caching:42][39m Clearing activities cache
[31m[2024-07-30 17:27:38 ERROR] [run:188][39m 'http' is not a supported activity type
[36m[2024-07-30 17:27:38 DEBUG] [run:189][39m 'http' is not a supported activity type
[36m[2024-07-30 17:27:46 DEBUG] [__init__:101][39m ###############################################################################
[36m[2024-07-30 17:27:46 DEBUG] [__init__:102][39m Running command 'run'
[36m[2024-07-30 17:27:46 DEBUG] [__init__:106][39m Using settings file 'C:\Users\Adi\.chaostoolkit\settings.yaml'
[36m[2024-07-30 17:27:47 DEBUG] [settings:31][39m The Chaos Toolkit settings file could not be found at 'C:\Users\Adi\.chaostoolkit\settings.yaml'.
[36m[2024-07-30 17:27:47 DEBUG] [__init__:472][39m No controls to apply on 'loader'
[36m[2024-07-30 17:27:47 DEBUG] [__init__:472][39m No controls to apply on 'loader'
[36m[2024-07-30 17:27:47 DEBUG] [caching:24][39m Building activity cache...
[36m[2024-07-30 17:27:47 DEBUG] [caching:35][39m Cached 1 activities
[32m[2024-07-30 17:27:47 INFO] [experiment:59][39m Validating the experiment's syntax
[36m[2024-07-30 17:27:47 DEBUG] [configuration:64][39m Loading configuration...
[36m[2024-07-30 17:27:47 DEBUG] [secret:79][39m Loading secrets...
[36m[2024-07-30 17:27:47 DEBUG] [secret:104][39m Done loading secrets
[36m[2024-07-30 17:27:47 DEBUG] [caching:42][39m Clearing activities cache
[31m[2024-07-30 17:27:47 ERROR] [run:188][39m an experiment requires a method, which can be empty for only checking steady state hypothesis 
[36m[2024-07-30 17:27:47 DEBUG] [run:189][39m an experiment requires a method, which can be empty for only checking steady state hypothesis 
[36m[2024-07-30 17:29:12 DEBUG] [__init__:101][39m ###############################################################################
[36m[2024-07-30 17:29:12 DEBUG] [__init__:102][39m Running command 'run'
[36m[2024-07-30 17:29:12 DEBUG] [__init__:106][39m Using settings file 'C:\Users\Adi\.chaostoolkit\settings.yaml'
[36m[2024-07-30 17:29:13 DEBUG] [settings:31][39m The Chaos Toolkit settings file could not be found at 'C:\Users\Adi\.chaostoolkit\settings.yaml'.
[36m[2024-07-30 17:29:13 DEBUG] [__init__:472][39m No controls to apply on 'loader'
[36m[2024-07-30 17:29:13 DEBUG] [__init__:472][39m No controls to apply on 'loader'
[36m[2024-07-30 17:29:13 DEBUG] [caching:24][39m Building activity cache...
[36m[2024-07-30 17:29:13 DEBUG] [caching:35][39m Cached 1 activities
[32m[2024-07-30 17:29:13 INFO] [experiment:59][39m Validating the experiment's syntax
[36m[2024-07-30 17:29:13 DEBUG] [configuration:64][39m Loading configuration...
[36m[2024-07-30 17:29:13 DEBUG] [secret:79][39m Loading secrets...
[36m[2024-07-30 17:29:13 DEBUG] [secret:104][39m Done loading secrets
[36m[2024-07-30 17:29:13 DEBUG] [caching:42][39m Clearing activities cache
[31m[2024-07-30 17:29:13 ERROR] [run:188][39m an experiment requires a method, which can be empty for only checking steady state hypothesis 
[36m[2024-07-30 17:29:13 DEBUG] [run:189][39m an experiment requires a method, which can be empty for only checking steady state hypothesis 
[36m[2024-07-30 17:29:30 DEBUG] [__init__:101][39m ###############################################################################
[36m[2024-07-30 17:29:30 DEBUG] [__init__:102][39m Running command 'run'
[36m[2024-07-30 17:29:30 DEBUG] [__init__:106][39m Using settings file 'C:\Users\Adi\.chaostoolkit\settings.yaml'
[36m[2024-07-30 17:29:31 DEBUG] [settings:31][39m The Chaos Toolkit settings file could not be found at 'C:\Users\Adi\.chaostoolkit\settings.yaml'.
[36m[2024-07-30 17:29:31 DEBUG] [__init__:472][39m No controls to apply on 'loader'
[36m[2024-07-30 17:29:31 DEBUG] [__init__:472][39m No controls to apply on 'loader'
[36m[2024-07-30 17:29:31 DEBUG] [caching:24][39m Building activity cache...
[36m[2024-07-30 17:29:31 DEBUG] [caching:35][39m Cached 1 activities
[32m[2024-07-30 17:29:31 INFO] [experiment:59][39m Validating the experiment's syntax
[36m[2024-07-30 17:29:31 DEBUG] [configuration:64][39m Loading configuration...
[36m[2024-07-30 17:29:31 DEBUG] [secret:79][39m Loading secrets...
[36m[2024-07-30 17:29:31 DEBUG] [secret:104][39m Done loading secrets
[36m[2024-07-30 17:29:31 DEBUG] [caching:42][39m Clearing activities cache
[31m[2024-07-30 17:29:31 ERROR] [run:188][39m an experiment requires a method, which can be empty for only checking steady state hypothesis 
[36m[2024-07-30 17:29:31 DEBUG] [run:189][39m an experiment requires a method, which can be empty for only checking steady state hypothesis 
[36m[2024-07-30 17:31:21 DEBUG] [__init__:101][39m ###############################################################################
[36m[2024-07-30 17:31:21 DEBUG] [__init__:102][39m Running command 'run'
[36m[2024-07-30 17:31:21 DEBUG] [__init__:106][39m Using settings file 'C:\Users\Adi\.chaostoolkit\settings.yaml'
[36m[2024-07-30 17:31:22 DEBUG] [settings:31][39m The Chaos Toolkit settings file could not be found at 'C:\Users\Adi\.chaostoolkit\settings.yaml'.
[36m[2024-07-30 17:31:22 DEBUG] [__init__:472][39m No controls to apply on 'loader'
[36m[2024-07-30 17:31:22 DEBUG] [__init__:472][39m No controls to apply on 'loader'
[36m[2024-07-30 17:31:22 DEBUG] [caching:24][39m Building activity cache...
[36m[2024-07-30 17:31:22 DEBUG] [caching:35][39m Cached 2 activities
[32m[2024-07-30 17:31:22 INFO] [experiment:59][39m Validating the experiment's syntax
[36m[2024-07-30 17:31:22 DEBUG] [configuration:64][39m Loading configuration...
[36m[2024-07-30 17:31:22 DEBUG] [secret:79][39m Loading secrets...
[36m[2024-07-30 17:31:22 DEBUG] [secret:104][39m Done loading secrets
[32m[2024-07-30 17:31:22 INFO] [experiment:112][39m Experiment looks valid
[36m[2024-07-30 17:31:22 DEBUG] [caching:42][39m Clearing activities cache
[36m[2024-07-30 17:31:22 DEBUG] [run:224][39m Runtime strategies: hypothesis - default / rollbacks - default
[36m[2024-07-30 17:31:22 DEBUG] [caching:24][39m Building activity cache...
[36m[2024-07-30 17:31:22 DEBUG] [caching:35][39m Cached 2 activities
[36m[2024-07-30 17:31:22 DEBUG] [configuration:64][39m Loading configuration...
[36m[2024-07-30 17:31:22 DEBUG] [secret:79][39m Loading secrets...
[36m[2024-07-30 17:31:22 DEBUG] [secret:104][39m Done loading secrets
[36m[2024-07-30 17:31:22 DEBUG] [configuration:161][39m Loading dynamic configuration...
[36m[2024-07-30 17:31:22 DEBUG] [exit:91][39m System 'Windows-10-10.0.19045-SP0' does not expose SIGUSR signals
[32m[2024-07-30 17:31:22 INFO] [run:440][39m Running experiment: Node.js Application Health Check
[36m[2024-07-30 17:31:22 DEBUG] [__init__:67][39m Initializing controls
[32m[2024-07-30 17:31:22 INFO] [run:471][39m Steady-state strategy: default
[32m[2024-07-30 17:31:22 INFO] [run:477][39m Rollbacks strategy: default
[36m[2024-07-30 17:31:22 DEBUG] [__init__:472][39m No controls to apply on 'experiment'
[36m[2024-07-30 17:31:22 DEBUG] [run:654][39m Running steady-state hypothesis before the method
[32m[2024-07-30 17:31:22 INFO] [hypothesis:205][39m Steady state hypothesis: Node.js application is healthy
[36m[2024-07-30 17:31:22 DEBUG] [__init__:472][39m No controls to apply on 'hypothesis'
[36m[2024-07-30 17:31:22 DEBUG] [__init__:472][39m No controls to apply on 'activity'
[32m[2024-07-30 17:31:22 INFO] [activity:232][39m Probe: check-application-health
[36m[2024-07-30 17:31:26 DEBUG] [activity:317][39m Activity failed
    Traceback (most recent call last):
      File "C:\Users\Adi\AppData\Local\Packages\PythonSoftwareFoundation.Python.3.8_qbz5n2kfra8p0\LocalCache\local-packages\Python38\site-packages\urllib3\connection.py", line 174, in _new_conn
        conn = connection.create_connection(
      File "C:\Users\Adi\AppData\Local\Packages\PythonSoftwareFoundation.Python.3.8_qbz5n2kfra8p0\LocalCache\local-packages\Python38\site-packages\urllib3\util\connection.py", line 95, in create_connection
        raise err
      File "C:\Users\Adi\AppData\Local\Packages\PythonSoftwareFoundation.Python.3.8_qbz5n2kfra8p0\LocalCache\local-packages\Python38\site-packages\urllib3\util\connection.py", line 85, in create_connection
        sock.connect(sa)
    ConnectionRefusedError: [WinError 10061] No connection could be made because the target machine actively refused it
    
    During handling of the above exception, another exception occurred:
    
    Traceback (most recent call last):
      File "C:\Users\Adi\AppData\Local\Packages\PythonSoftwareFoundation.Python.3.8_qbz5n2kfra8p0\LocalCache\local-packages\Python38\site-packages\urllib3\connectionpool.py", line 715, in urlopen
        httplib_response = self._make_request(
      File "C:\Users\Adi\AppData\Local\Packages\PythonSoftwareFoundation.Python.3.8_qbz5n2kfra8p0\LocalCache\local-packages\Python38\site-packages\urllib3\connectionpool.py", line 416, in _make_request
        conn.request(method, url, **httplib_request_kw)
      File "C:\Users\Adi\AppData\Local\Packages\PythonSoftwareFoundation.Python.3.8_qbz5n2kfra8p0\LocalCache\local-packages\Python38\site-packages\urllib3\connection.py", line 244, in request
        super(HTTPConnection, self).request(method, url, body=body, headers=headers)
      File "C:\Program Files\WindowsApps\PythonSoftwareFoundation.Python.3.8_3.8.2800.0_x64__qbz5n2kfra8p0\lib\http\client.py", line 1252, in request
        self._send_request(method, url, body, headers, encode_chunked)
      File "C:\Program Files\WindowsApps\PythonSoftwareFoundation.Python.3.8_3.8.2800.0_x64__qbz5n2kfra8p0\lib\http\client.py", line 1298, in _send_request
        self.endheaders(body, encode_chunked=encode_chunked)
      File "C:\Program Files\WindowsApps\PythonSoftwareFoundation.Python.3.8_3.8.2800.0_x64__qbz5n2kfra8p0\lib\http\client.py", line 1247, in endheaders
        self._send_output(message_body, encode_chunked=encode_chunked)
      File "C:\Program Files\WindowsApps\PythonSoftwareFoundation.Python.3.8_3.8.2800.0_x64__qbz5n2kfra8p0\lib\http\client.py", line 1007, in _send_output
        self.send(msg)
      File "C:\Program Files\WindowsApps\PythonSoftwareFoundation.Python.3.8_3.8.2800.0_x64__qbz5n2kfra8p0\lib\http\client.py", line 947, in send
        self.connect()
      File "C:\Users\Adi\AppData\Local\Packages\PythonSoftwareFoundation.Python.3.8_qbz5n2kfra8p0\LocalCache\local-packages\Python38\site-packages\urllib3\connection.py", line 205, in connect
        conn = self._new_conn()
      File "C:\Users\Adi\AppData\Local\Packages\PythonSoftwareFoundation.Python.3.8_qbz5n2kfra8p0\LocalCache\local-packages\Python38\site-packages\urllib3\connection.py", line 186, in _new_conn
        raise NewConnectionError(
    urllib3.exceptions.NewConnectionError: <urllib3.connection.HTTPConnection object at 0x000002C7D94232B0>: Failed to establish a new connection: [WinError 10061] No connection could be made because the target machine actively refused it
    
    During handling of the above exception, another exception occurred:
    
    Traceback (most recent call last):
      File "C:\Users\Adi\AppData\Local\Packages\PythonSoftwareFoundation.Python.3.8_qbz5n2kfra8p0\LocalCache\local-packages\Python38\site-packages\requests\adapters.py", line 667, in send
        resp = conn.urlopen(
      File "C:\Users\Adi\AppData\Local\Packages\PythonSoftwareFoundation.Python.3.8_qbz5n2kfra8p0\LocalCache\local-packages\Python38\site-packages\urllib3\connectionpool.py", line 799, in urlopen
        retries = retries.increment(
      File "C:\Users\Adi\AppData\Local\Packages\PythonSoftwareFoundation.Python.3.8_qbz5n2kfra8p0\LocalCache\local-packages\Python38\site-packages\urllib3\util\retry.py", line 592, in increment
        raise MaxRetryError(_pool, url, error or ResponseError(cause))
    urllib3.exceptions.MaxRetryError: HTTPConnectionPool(host='localhost', port=8080): Max retries exceeded with url: /health (Caused by NewConnectionError('<urllib3.connection.HTTPConnection object at 0x000002C7D94232B0>: Failed to establish a new connection: [WinError 10061] No connection could be made because the target machine actively refused it'))
    
    During handling of the above exception, another exception occurred:
    
    Traceback (most recent call last):
      File "C:\Users\Adi\AppData\Local\Packages\PythonSoftwareFoundation.Python.3.8_qbz5n2kfra8p0\LocalCache\local-packages\Python38\site-packages\chaoslib\provider\http.py", line 51, in run_http_activity
        r = s.get(
      File "C:\Users\Adi\AppData\Local\Packages\PythonSoftwareFoundation.Python.3.8_qbz5n2kfra8p0\LocalCache\local-packages\Python38\site-packages\requests\sessions.py", line 602, in get
        return self.request("GET", url, **kwargs)
      File "C:\Users\Adi\AppData\Local\Packages\PythonSoftwareFoundation.Python.3.8_qbz5n2kfra8p0\LocalCache\local-packages\Python38\site-packages\requests\sessions.py", line 589, in request
        resp = self.send(prep, **send_kwargs)
      File "C:\Users\Adi\AppData\Local\Packages\PythonSoftwareFoundation.Python.3.8_qbz5n2kfra8p0\LocalCache\local-packages\Python38\site-packages\requests\sessions.py", line 703, in send
        r = adapter.send(request, **kwargs)
      File "C:\Users\Adi\AppData\Local\Packages\PythonSoftwareFoundation.Python.3.8_qbz5n2kfra8p0\LocalCache\local-packages\Python38\site-packages\requests\adapters.py", line 700, in send
        raise ConnectionError(e, request=request)
    requests.exceptions.ConnectionError: HTTPConnectionPool(host='localhost', port=8080): Max retries exceeded with url: /health (Caused by NewConnectionError('<urllib3.connection.HTTPConnection object at 0x000002C7D94232B0>: Failed to establish a new connection: [WinError 10061] No connection could be made because the target machine actively refused it'))
    
    During handling of the above exception, another exception occurred:
    
    Traceback (most recent call last):
      File "C:\Users\Adi\AppData\Local\Packages\PythonSoftwareFoundation.Python.3.8_qbz5n2kfra8p0\LocalCache\local-packages\Python38\site-packages\chaoslib\activity.py", line 314, in run_activity
        result = run_http_activity(activity, configuration, secrets)
      File "C:\Users\Adi\AppData\Local\Packages\PythonSoftwareFoundation.Python.3.8_qbz5n2kfra8p0\LocalCache\local-packages\Python38\site-packages\chaoslib\provider\http.py", line 101, in run_http_activity
        raise ActivityFailed(f"failed to connect to {url}: {str(cex)}")
    chaoslib.exceptions.ActivityFailed: failed to connect to http://localhost:8080/health: HTTPConnectionPool(host='localhost', port=8080): Max retries exceeded with url: /health (Caused by NewConnectionError('<urllib3.connection.HTTPConnection object at 0x000002C7D94232B0>: Failed to establish a new connection: [WinError 10061] No connection could be made because the target machine actively refused it'))
[31m[2024-07-30 17:31:26 ERROR] [activity:268][39m   => failed: failed to connect to http://localhost:8080/health: HTTPConnectionPool(host='localhost', port=8080): Max retries exceeded with url: /health (Caused by NewConnectionError('<urllib3.connection.HTTPConnection object at 0x000002C7D94232B0>: Failed to establish a new connection: [WinError 10061] No connection could be made because the target machine actively refused it'))
[36m[2024-07-30 17:31:26 DEBUG] [__init__:472][39m No controls to apply on 'activity'
[33m[2024-07-30 17:31:26 WARNING] [hypothesis:232][39m Probe terminated unexpectedly, so its tolerance could not be validated
[36m[2024-07-30 17:31:26 DEBUG] [__init__:472][39m No controls to apply on 'hypothesis'
[31m[2024-07-30 17:31:26 CRITICAL] [run:674][39m Steady state probe 'check-application-health' is not in the given tolerance so failing this experiment
[32m[2024-07-30 17:31:26 INFO] [run:598][39m Experiment ended with status: failed
[36m[2024-07-30 17:31:26 DEBUG] [__init__:472][39m No controls to apply on 'experiment'
[36m[2024-07-30 17:31:26 DEBUG] [__init__:106][39m Cleaning up controls
[36m[2024-07-30 17:31:26 DEBUG] [caching:42][39m Clearing activities cache
[36m[2024-07-30 17:32:28 DEBUG] [__init__:101][39m ###############################################################################
[36m[2024-07-30 17:32:28 DEBUG] [__init__:102][39m Running command 'run'
[36m[2024-07-30 17:32:28 DEBUG] [__init__:106][39m Using settings file 'C:\Users\Adi\.chaostoolkit\settings.yaml'
[36m[2024-07-30 17:32:29 DEBUG] [settings:31][39m The Chaos Toolkit settings file could not be found at 'C:\Users\Adi\.chaostoolkit\settings.yaml'.
[36m[2024-07-30 17:32:29 DEBUG] [__init__:472][39m No controls to apply on 'loader'
[36m[2024-07-30 17:32:29 DEBUG] [__init__:472][39m No controls to apply on 'loader'
[36m[2024-07-30 17:32:29 DEBUG] [caching:24][39m Building activity cache...
[36m[2024-07-30 17:32:29 DEBUG] [caching:35][39m Cached 2 activities
[32m[2024-07-30 17:32:29 INFO] [experiment:59][39m Validating the experiment's syntax
[36m[2024-07-30 17:32:29 DEBUG] [configuration:64][39m Loading configuration...
[36m[2024-07-30 17:32:29 DEBUG] [secret:79][39m Loading secrets...
[36m[2024-07-30 17:32:29 DEBUG] [secret:104][39m Done loading secrets
[32m[2024-07-30 17:32:29 INFO] [experiment:112][39m Experiment looks valid
[36m[2024-07-30 17:32:29 DEBUG] [caching:42][39m Clearing activities cache
[36m[2024-07-30 17:32:29 DEBUG] [run:224][39m Runtime strategies: hypothesis - default / rollbacks - default
[36m[2024-07-30 17:32:29 DEBUG] [caching:24][39m Building activity cache...
[36m[2024-07-30 17:32:29 DEBUG] [caching:35][39m Cached 2 activities
[36m[2024-07-30 17:32:29 DEBUG] [configuration:64][39m Loading configuration...
[36m[2024-07-30 17:32:29 DEBUG] [secret:79][39m Loading secrets...
[36m[2024-07-30 17:32:29 DEBUG] [secret:104][39m Done loading secrets
[36m[2024-07-30 17:32:29 DEBUG] [configuration:161][39m Loading dynamic configuration...
[36m[2024-07-30 17:32:29 DEBUG] [exit:91][39m System 'Windows-10-10.0.19045-SP0' does not expose SIGUSR signals
[32m[2024-07-30 17:32:29 INFO] [run:440][39m Running experiment: Node.js Application Health Check
[36m[2024-07-30 17:32:29 DEBUG] [__init__:67][39m Initializing controls
[32m[2024-07-30 17:32:29 INFO] [run:471][39m Steady-state strategy: default
[32m[2024-07-30 17:32:29 INFO] [run:477][39m Rollbacks strategy: default
[36m[2024-07-30 17:32:29 DEBUG] [__init__:472][39m No controls to apply on 'experiment'
[36m[2024-07-30 17:32:29 DEBUG] [run:654][39m Running steady-state hypothesis before the method
[32m[2024-07-30 17:32:29 INFO] [hypothesis:205][39m Steady state hypothesis: Node.js application is healthy
[36m[2024-07-30 17:32:29 DEBUG] [__init__:472][39m No controls to apply on 'hypothesis'
[36m[2024-07-30 17:32:29 DEBUG] [__init__:472][39m No controls to apply on 'activity'
[32m[2024-07-30 17:32:29 INFO] [activity:232][39m Probe: check-application-health
[36m[2024-07-30 17:32:29 DEBUG] [activity:260][39m   => succeeded with '{'status': 404, 'headers': {'X-Powered-By': 'Express', 'Content-Security-Policy': "default-src 'none'", 'X-Content-Type-Options': 'nosniff', 'Content-Type': 'text/html; charset=utf-8', 'Content-Length': '145', 'Set-Cookie': 'connect.sid=s%3A9z0eTqztp6doCuWzaoBSDp8vF90RiIU7.DFA3pkkn7Qjp5leW9zmGNOPuNmFQs%2BgoQU%2FmgReHpqU; Path=/; HttpOnly', 'Date': 'Tue, 30 Jul 2024 16:32:29 GMT', 'Connection': 'keep-alive', 'Keep-Alive': 'timeout=5'}, 'body': '<!DOCTYPE html>\n<html lang="en">\n<head>\n<meta charset="utf-8">\n<title>Error</title>\n</head>\n<body>\n<pre>Cannot GET /health</pre>\n</body>\n</html>\n'}'
[36m[2024-07-30 17:32:29 DEBUG] [__init__:472][39m No controls to apply on 'activity'
[36m[2024-07-30 17:32:29 DEBUG] [hypothesis:247][39m allowed tolerance is 200
[36m[2024-07-30 17:32:29 DEBUG] [__init__:472][39m No controls to apply on 'hypothesis'
[31m[2024-07-30 17:32:29 CRITICAL] [run:674][39m Steady state probe 'check-application-health' is not in the given tolerance so failing this experiment
[32m[2024-07-30 17:32:29 INFO] [run:1072][39m Let's rollback...
[36m[2024-07-30 17:32:29 DEBUG] [__init__:472][39m No controls to apply on 'rollback'
[32m[2024-07-30 17:32:29 INFO] [rollback:36][39m Rollback: restore-state
[36m[2024-07-30 17:32:29 DEBUG] [__init__:472][39m No controls to apply on 'activity'
[32m[2024-07-30 17:32:29 INFO] [activity:232][39m Action: restore-state
[36m[2024-07-30 17:32:29 DEBUG] [process:52][39m Running: ['C:\\Program Files\\Git\\usr\\bin\\echo.EXE', 'Restore system to a healthy state']
[36m[2024-07-30 17:32:29 DEBUG] [activity:260][39m   => succeeded with '{'status': 0, 'stdout': 'Restore system to a healthy state\n', 'stderr': ''}'
[36m[2024-07-30 17:32:29 DEBUG] [__init__:472][39m No controls to apply on 'activity'
[36m[2024-07-30 17:32:29 DEBUG] [__init__:472][39m No controls to apply on 'rollback'
[32m[2024-07-30 17:32:29 INFO] [run:598][39m Experiment ended with status: completed
[36m[2024-07-30 17:32:29 DEBUG] [__init__:472][39m No controls to apply on 'experiment'
[36m[2024-07-30 17:32:29 DEBUG] [__init__:106][39m Cleaning up controls
[36m[2024-07-30 17:32:29 DEBUG] [caching:42][39m Clearing activities cache
[36m[2024-08-01 18:45:10 DEBUG] [__init__:101][39m ###############################################################################
[36m[2024-08-01 18:45:10 DEBUG] [__init__:102][39m Running command 'run'
[36m[2024-08-01 18:45:10 DEBUG] [__init__:106][39m Using settings file 'C:\Users\Adi\.chaostoolkit\settings.yaml'
[36m[2024-08-01 18:45:11 DEBUG] [settings:31][39m The Chaos Toolkit settings file could not be found at 'C:\Users\Adi\.chaostoolkit\settings.yaml'.
[36m[2024-08-01 18:45:11 DEBUG] [__init__:472][39m No controls to apply on 'loader'
[36m[2024-08-01 18:45:11 DEBUG] [__init__:472][39m No controls to apply on 'loader'
[36m[2024-08-01 18:45:11 DEBUG] [caching:24][39m Building activity cache...
[36m[2024-08-01 18:45:11 DEBUG] [caching:35][39m Cached 3 activities
[32m[2024-08-01 18:45:11 INFO] [experiment:59][39m Validating the experiment's syntax
[36m[2024-08-01 18:45:11 DEBUG] [configuration:64][39m Loading configuration...
[36m[2024-08-01 18:45:11 DEBUG] [secret:79][39m Loading secrets...
[36m[2024-08-01 18:45:11 DEBUG] [secret:104][39m Done loading secrets
[36m[2024-08-01 18:45:11 DEBUG] [caching:42][39m Clearing activities cache
[31m[2024-08-01 18:45:11 ERROR] [run:188][39m path 'tc' cannot be found, in activity 'inject-latency'
[36m[2024-08-01 18:45:11 DEBUG] [run:189][39m path 'tc' cannot be found, in activity 'inject-latency'
[36m[2024-08-01 18:47:28 DEBUG] [__init__:101][39m ###############################################################################
[36m[2024-08-01 18:47:28 DEBUG] [__init__:102][39m Running command 'run'
[36m[2024-08-01 18:47:28 DEBUG] [__init__:106][39m Using settings file 'C:\Users\Adi\.chaostoolkit\settings.yaml'
[36m[2024-08-01 18:47:28 DEBUG] [settings:31][39m The Chaos Toolkit settings file could not be found at 'C:\Users\Adi\.chaostoolkit\settings.yaml'.
[36m[2024-08-01 18:47:28 DEBUG] [__init__:472][39m No controls to apply on 'loader'
[36m[2024-08-01 18:47:28 DEBUG] [__init__:472][39m No controls to apply on 'loader'
[36m[2024-08-01 18:47:28 DEBUG] [caching:24][39m Building activity cache...
[36m[2024-08-01 18:47:28 DEBUG] [caching:35][39m Cached 2 activities
[32m[2024-08-01 18:47:28 INFO] [experiment:59][39m Validating the experiment's syntax
[36m[2024-08-01 18:47:28 DEBUG] [configuration:64][39m Loading configuration...
[36m[2024-08-01 18:47:28 DEBUG] [secret:79][39m Loading secrets...
[36m[2024-08-01 18:47:28 DEBUG] [secret:104][39m Done loading secrets
[32m[2024-08-01 18:47:28 INFO] [experiment:112][39m Experiment looks valid
[36m[2024-08-01 18:47:28 DEBUG] [caching:42][39m Clearing activities cache
[36m[2024-08-01 18:47:28 DEBUG] [run:224][39m Runtime strategies: hypothesis - default / rollbacks - default
[36m[2024-08-01 18:47:28 DEBUG] [caching:24][39m Building activity cache...
[36m[2024-08-01 18:47:28 DEBUG] [caching:35][39m Cached 2 activities
[36m[2024-08-01 18:47:28 DEBUG] [configuration:64][39m Loading configuration...
[36m[2024-08-01 18:47:28 DEBUG] [secret:79][39m Loading secrets...
[36m[2024-08-01 18:47:28 DEBUG] [secret:104][39m Done loading secrets
[36m[2024-08-01 18:47:28 DEBUG] [configuration:161][39m Loading dynamic configuration...
[36m[2024-08-01 18:47:28 DEBUG] [exit:91][39m System 'Windows-10-10.0.19045-SP0' does not expose SIGUSR signals
[32m[2024-08-01 18:47:28 INFO] [run:440][39m Running experiment: Node.js Application Health Check
[36m[2024-08-01 18:47:28 DEBUG] [__init__:67][39m Initializing controls
[32m[2024-08-01 18:47:28 INFO] [run:471][39m Steady-state strategy: default
[32m[2024-08-01 18:47:28 INFO] [run:477][39m Rollbacks strategy: default
[36m[2024-08-01 18:47:28 DEBUG] [__init__:472][39m No controls to apply on 'experiment'
[36m[2024-08-01 18:47:28 DEBUG] [run:654][39m Running steady-state hypothesis before the method
[32m[2024-08-01 18:47:28 INFO] [hypothesis:205][39m Steady state hypothesis: Node.js application is healthy
[36m[2024-08-01 18:47:28 DEBUG] [__init__:472][39m No controls to apply on 'hypothesis'
[36m[2024-08-01 18:47:28 DEBUG] [__init__:472][39m No controls to apply on 'activity'
[32m[2024-08-01 18:47:28 INFO] [activity:232][39m Probe: check-application-health
[36m[2024-08-01 18:47:28 DEBUG] [activity:260][39m   => succeeded with '{'status': 404, 'headers': {'X-Powered-By': 'Express', 'Content-Security-Policy': "default-src 'none'", 'X-Content-Type-Options': 'nosniff', 'Content-Type': 'text/html; charset=utf-8', 'Content-Length': '145', 'Set-Cookie': 'connect.sid=s%3ALeRpnjGM9tgwiOUIrm8D648uAcbdwemK.GVABCMvxJsa8gH4iz3U%2FpXVWnr9ibxmZFSxoakCbB%2Bk; Path=/; HttpOnly', 'Date': 'Thu, 01 Aug 2024 17:47:28 GMT', 'Connection': 'keep-alive', 'Keep-Alive': 'timeout=5'}, 'body': '<!DOCTYPE html>\n<html lang="en">\n<head>\n<meta charset="utf-8">\n<title>Error</title>\n</head>\n<body>\n<pre>Cannot GET /health</pre>\n</body>\n</html>\n'}'
[36m[2024-08-01 18:47:28 DEBUG] [__init__:472][39m No controls to apply on 'activity'
[36m[2024-08-01 18:47:28 DEBUG] [hypothesis:247][39m allowed tolerance is 200
[36m[2024-08-01 18:47:28 DEBUG] [__init__:472][39m No controls to apply on 'hypothesis'
[31m[2024-08-01 18:47:28 CRITICAL] [run:674][39m Steady state probe 'check-application-health' is not in the given tolerance so failing this experiment
[32m[2024-08-01 18:47:28 INFO] [run:1072][39m Let's rollback...
[36m[2024-08-01 18:47:28 DEBUG] [__init__:472][39m No controls to apply on 'rollback'
[32m[2024-08-01 18:47:28 INFO] [rollback:36][39m Rollback: restore-state
[36m[2024-08-01 18:47:28 DEBUG] [__init__:472][39m No controls to apply on 'activity'
[32m[2024-08-01 18:47:28 INFO] [activity:232][39m Action: restore-state
[36m[2024-08-01 18:47:28 DEBUG] [process:52][39m Running: ['C:\\Program Files\\Git\\usr\\bin\\echo.EXE', 'Restore system to a healthy state']
[36m[2024-08-01 18:47:28 DEBUG] [activity:260][39m   => succeeded with '{'status': 0, 'stdout': 'Restore system to a healthy state\n', 'stderr': ''}'
[36m[2024-08-01 18:47:28 DEBUG] [__init__:472][39m No controls to apply on 'activity'
[36m[2024-08-01 18:47:28 DEBUG] [__init__:472][39m No controls to apply on 'rollback'
[32m[2024-08-01 18:47:28 INFO] [run:598][39m Experiment ended with status: completed
[36m[2024-08-01 18:47:28 DEBUG] [__init__:472][39m No controls to apply on 'experiment'
[36m[2024-08-01 18:47:28 DEBUG] [__init__:106][39m Cleaning up controls
[36m[2024-08-01 18:47:28 DEBUG] [caching:42][39m Clearing activities cache
[36m[2024-08-01 18:53:01 DEBUG] [__init__:101][39m ###############################################################################
[36m[2024-08-01 18:53:01 DEBUG] [__init__:102][39m Running command 'run'
[36m[2024-08-01 18:53:01 DEBUG] [__init__:106][39m Using settings file 'C:\Users\Adi\.chaostoolkit\settings.yaml'
[36m[2024-08-01 18:53:02 DEBUG] [settings:31][39m The Chaos Toolkit settings file could not be found at 'C:\Users\Adi\.chaostoolkit\settings.yaml'.
[36m[2024-08-01 18:53:02 DEBUG] [__init__:472][39m No controls to apply on 'loader'
[36m[2024-08-01 18:53:02 DEBUG] [__init__:472][39m No controls to apply on 'loader'
[36m[2024-08-01 18:53:02 DEBUG] [caching:24][39m Building activity cache...
[36m[2024-08-01 18:53:02 DEBUG] [caching:35][39m Cached 7 activities
[32m[2024-08-01 18:53:02 INFO] [experiment:59][39m Validating the experiment's syntax
[36m[2024-08-01 18:53:02 DEBUG] [configuration:64][39m Loading configuration...
[36m[2024-08-01 18:53:02 DEBUG] [secret:79][39m Loading secrets...
[36m[2024-08-01 18:53:02 DEBUG] [secret:104][39m Done loading secrets
[36m[2024-08-01 18:53:02 DEBUG] [caching:42][39m Clearing activities cache
[31m[2024-08-01 18:53:02 ERROR] [run:188][39m path 'pkill' cannot be found, in activity 'restart-astre-service-to-pick-up-certificate'
[36m[2024-08-01 18:53:02 DEBUG] [run:189][39m path 'pkill' cannot be found, in activity 'restart-astre-service-to-pick-up-certificate'
[36m[2024-08-01 18:53:44 DEBUG] [__init__:101][39m ###############################################################################
[36m[2024-08-01 18:53:44 DEBUG] [__init__:102][39m Running command 'run'
[36m[2024-08-01 18:53:44 DEBUG] [__init__:106][39m Using settings file 'C:\Users\Adi\.chaostoolkit\settings.yaml'
[36m[2024-08-01 18:53:44 DEBUG] [settings:31][39m The Chaos Toolkit settings file could not be found at 'C:\Users\Adi\.chaostoolkit\settings.yaml'.
[36m[2024-08-01 18:53:44 DEBUG] [__init__:472][39m No controls to apply on 'loader'
[36m[2024-08-01 18:53:44 DEBUG] [__init__:472][39m No controls to apply on 'loader'
[36m[2024-08-01 18:53:44 DEBUG] [caching:24][39m Building activity cache...
[36m[2024-08-01 18:53:44 DEBUG] [caching:35][39m Cached 6 activities
[32m[2024-08-01 18:53:44 INFO] [experiment:59][39m Validating the experiment's syntax
[36m[2024-08-01 18:53:44 DEBUG] [configuration:64][39m Loading configuration...
[36m[2024-08-01 18:53:44 DEBUG] [secret:79][39m Loading secrets...
[36m[2024-08-01 18:53:44 DEBUG] [secret:104][39m Done loading secrets
[36m[2024-08-01 18:53:44 DEBUG] [caching:42][39m Clearing activities cache
[31m[2024-08-01 18:53:44 ERROR] [run:188][39m path 'pkill' cannot be found, in activity 'restart-sunset-service-to-pick-up-certificate'
[36m[2024-08-01 18:53:44 DEBUG] [run:189][39m path 'pkill' cannot be found, in activity 'restart-sunset-service-to-pick-up-certificate'
[36m[2024-08-01 18:54:13 DEBUG] [__init__:101][39m ###############################################################################
[36m[2024-08-01 18:54:13 DEBUG] [__init__:102][39m Running command 'run'
[36m[2024-08-01 18:54:13 DEBUG] [__init__:106][39m Using settings file 'C:\Users\Adi\.chaostoolkit\settings.yaml'
[36m[2024-08-01 18:54:14 DEBUG] [settings:31][39m The Chaos Toolkit settings file could not be found at 'C:\Users\Adi\.chaostoolkit\settings.yaml'.
[36m[2024-08-01 18:54:14 DEBUG] [__init__:472][39m No controls to apply on 'loader'
[36m[2024-08-01 18:54:14 DEBUG] [__init__:472][39m No controls to apply on 'loader'
[36m[2024-08-01 18:54:14 DEBUG] [caching:24][39m Building activity cache...
[36m[2024-08-01 18:54:14 DEBUG] [caching:35][39m Cached 5 activities
[32m[2024-08-01 18:54:14 INFO] [experiment:59][39m Validating the experiment's syntax
[36m[2024-08-01 18:54:14 DEBUG] [configuration:64][39m Loading configuration...
[36m[2024-08-01 18:54:14 DEBUG] [secret:79][39m Loading secrets...
[36m[2024-08-01 18:54:14 DEBUG] [secret:104][39m Done loading secrets
[32m[2024-08-01 18:54:14 INFO] [experiment:112][39m Experiment looks valid
[36m[2024-08-01 18:54:14 DEBUG] [caching:42][39m Clearing activities cache
[36m[2024-08-01 18:54:14 DEBUG] [run:224][39m Runtime strategies: hypothesis - default / rollbacks - default
[36m[2024-08-01 18:54:14 DEBUG] [caching:24][39m Building activity cache...
[36m[2024-08-01 18:54:14 DEBUG] [caching:35][39m Cached 5 activities
[36m[2024-08-01 18:54:14 DEBUG] [configuration:64][39m Loading configuration...
[36m[2024-08-01 18:54:14 DEBUG] [secret:79][39m Loading secrets...
[36m[2024-08-01 18:54:14 DEBUG] [secret:104][39m Done loading secrets
[36m[2024-08-01 18:54:14 DEBUG] [configuration:161][39m Loading dynamic configuration...
[36m[2024-08-01 18:54:14 DEBUG] [exit:91][39m System 'Windows-10-10.0.19045-SP0' does not expose SIGUSR signals
[32m[2024-08-01 18:54:14 INFO] [run:440][39m Running experiment: What is the impact of an expired certificate on our application chain?
[36m[2024-08-01 18:54:14 DEBUG] [__init__:67][39m Initializing controls
[32m[2024-08-01 18:54:14 INFO] [run:471][39m Steady-state strategy: default
[32m[2024-08-01 18:54:14 INFO] [run:477][39m Rollbacks strategy: default
[36m[2024-08-01 18:54:14 DEBUG] [__init__:472][39m No controls to apply on 'experiment'
[36m[2024-08-01 18:54:14 DEBUG] [run:654][39m Running steady-state hypothesis before the method
[32m[2024-08-01 18:54:14 INFO] [hypothesis:205][39m Steady state hypothesis: Application responds
[36m[2024-08-01 18:54:14 DEBUG] [__init__:472][39m No controls to apply on 'hypothesis'
[36m[2024-08-01 18:54:14 DEBUG] [__init__:472][39m No controls to apply on 'activity'
[32m[2024-08-01 18:54:14 INFO] [activity:232][39m Probe: the-astre-service-must-be-running
[36m[2024-08-01 18:54:14 DEBUG] [python:33][39m Activity 'the-astre-service-must-be-running' loaded from 'C:\Program Files\WindowsApps\PythonSoftwareFoundation.Python.3.8_3.8.2800.0_x64__qbz5n2kfra8p0\lib\genericpath.py'
[36m[2024-08-01 18:54:14 DEBUG] [activity:260][39m   => succeeded with 'False'
[36m[2024-08-01 18:54:14 DEBUG] [__init__:472][39m No controls to apply on 'activity'
[36m[2024-08-01 18:54:14 DEBUG] [hypothesis:247][39m allowed tolerance is True
[36m[2024-08-01 18:54:14 DEBUG] [__init__:472][39m No controls to apply on 'hypothesis'
[31m[2024-08-01 18:54:14 CRITICAL] [run:674][39m Steady state probe 'the-astre-service-must-be-running' is not in the given tolerance so failing this experiment
[32m[2024-08-01 18:54:14 INFO] [run:1072][39m Let's rollback...
[36m[2024-08-01 18:54:14 DEBUG] [__init__:472][39m No controls to apply on 'rollback'
[32m[2024-08-01 18:54:14 INFO] [rollback:36][39m Rollback: swap-to-valid-cert
[36m[2024-08-01 18:54:14 DEBUG] [__init__:472][39m No controls to apply on 'activity'
[32m[2024-08-01 18:54:14 INFO] [activity:232][39m Action: swap-to-valid-cert
[36m[2024-08-01 18:54:14 DEBUG] [process:52][39m Running: C:\Program Files\Git\usr\bin\cp.EXE valid-cert.pem cert.pem
[33m[2024-08-01 18:54:14 WARNING] [process:70][39m This process returned a non-zero exit code. This may indicate some error and not what you expected. Please have a look at the logs.
[36m[2024-08-01 18:54:14 DEBUG] [activity:260][39m   => succeeded with '{'status': 1, 'stdout': '', 'stderr': "'C:\\Program' is not recognized as an internal or external command,\r\noperable program or batch file.\r\n"}'
[36m[2024-08-01 18:54:14 DEBUG] [__init__:472][39m No controls to apply on 'activity'
[32m[2024-08-01 18:54:14 INFO] [rollback:36][39m Rollback: None
[36m[2024-08-01 18:54:14 DEBUG] [caching:91][39m cache miss for 'restart-astre-service-to-pick-up-certificate'
[36m[2024-08-01 18:54:14 DEBUG] [__init__:472][39m No controls to apply on 'rollback'
[36m[2024-08-01 18:54:14 DEBUG] [__init__:106][39m Cleaning up controls
[36m[2024-08-01 18:54:14 DEBUG] [caching:42][39m Clearing activities cache
[36m[2024-08-01 19:00:32 DEBUG] [__init__:101][39m ###############################################################################
[36m[2024-08-01 19:00:32 DEBUG] [__init__:102][39m Running command 'run'
[36m[2024-08-01 19:00:32 DEBUG] [__init__:106][39m Using settings file 'C:\Users\Adi\.chaostoolkit\settings.yaml'
[36m[2024-08-01 19:00:32 DEBUG] [settings:31][39m The Chaos Toolkit settings file could not be found at 'C:\Users\Adi\.chaostoolkit\settings.yaml'.
[36m[2024-08-01 19:00:32 DEBUG] [__init__:472][39m No controls to apply on 'loader'
[36m[2024-08-01 19:00:32 DEBUG] [__init__:472][39m No controls to apply on 'loader'
[36m[2024-08-01 19:00:32 DEBUG] [caching:24][39m Building activity cache...
[36m[2024-08-01 19:00:32 DEBUG] [caching:35][39m Cached 0 activities
[32m[2024-08-01 19:00:32 INFO] [experiment:59][39m Validating the experiment's syntax
[36m[2024-08-01 19:00:32 DEBUG] [caching:42][39m Clearing activities cache
[31m[2024-08-01 19:00:32 ERROR] [run:188][39m experiment requires a description
[36m[2024-08-01 19:00:32 DEBUG] [run:189][39m experiment requires a description
[36m[2024-08-01 19:01:03 DEBUG] [__init__:101][39m ###############################################################################
[36m[2024-08-01 19:01:03 DEBUG] [__init__:102][39m Running command 'run'
[36m[2024-08-01 19:01:03 DEBUG] [__init__:106][39m Using settings file 'C:\Users\Adi\.chaostoolkit\settings.yaml'
[36m[2024-08-01 19:01:04 DEBUG] [settings:31][39m The Chaos Toolkit settings file could not be found at 'C:\Users\Adi\.chaostoolkit\settings.yaml'.
[36m[2024-08-01 19:01:04 DEBUG] [__init__:472][39m No controls to apply on 'loader'
[36m[2024-08-01 19:01:04 DEBUG] [__init__:472][39m No controls to apply on 'loader'
[36m[2024-08-01 19:01:04 DEBUG] [caching:24][39m Building activity cache...
[36m[2024-08-01 19:01:04 DEBUG] [caching:35][39m Cached 0 activities
[32m[2024-08-01 19:01:04 INFO] [experiment:59][39m Validating the experiment's syntax
[36m[2024-08-01 19:01:04 DEBUG] [configuration:64][39m Loading configuration...
[36m[2024-08-01 19:01:04 DEBUG] [secret:79][39m Loading secrets...
[36m[2024-08-01 19:01:04 DEBUG] [secret:104][39m Done loading secrets
[36m[2024-08-01 19:01:04 DEBUG] [caching:42][39m Clearing activities cache
[31m[2024-08-01 19:01:04 ERROR] [run:188][39m an experiment requires a method, which can be empty for only checking steady state hypothesis 
[36m[2024-08-01 19:01:04 DEBUG] [run:189][39m an experiment requires a method, which can be empty for only checking steady state hypothesis 
[36m[2024-08-01 19:01:50 DEBUG] [__init__:101][39m ###############################################################################
[36m[2024-08-01 19:01:50 DEBUG] [__init__:102][39m Running command 'run'
[36m[2024-08-01 19:01:50 DEBUG] [__init__:106][39m Using settings file 'C:\Users\Adi\.chaostoolkit\settings.yaml'
[36m[2024-08-01 19:01:51 DEBUG] [settings:31][39m The Chaos Toolkit settings file could not be found at 'C:\Users\Adi\.chaostoolkit\settings.yaml'.
[36m[2024-08-01 19:01:51 DEBUG] [__init__:472][39m No controls to apply on 'loader'
[36m[2024-08-01 19:01:51 DEBUG] [__init__:472][39m No controls to apply on 'loader'
[36m[2024-08-01 19:02:34 DEBUG] [__init__:101][39m ###############################################################################
[36m[2024-08-01 19:02:34 DEBUG] [__init__:102][39m Running command 'run'
[36m[2024-08-01 19:02:34 DEBUG] [__init__:106][39m Using settings file 'C:\Users\Adi\.chaostoolkit\settings.yaml'
[36m[2024-08-01 19:02:35 DEBUG] [settings:31][39m The Chaos Toolkit settings file could not be found at 'C:\Users\Adi\.chaostoolkit\settings.yaml'.
[36m[2024-08-01 19:02:35 DEBUG] [__init__:472][39m No controls to apply on 'loader'
[36m[2024-08-01 19:02:35 DEBUG] [__init__:472][39m No controls to apply on 'loader'
[36m[2024-08-01 19:02:35 DEBUG] [caching:24][39m Building activity cache...
[36m[2024-08-01 19:02:35 DEBUG] [caching:35][39m Cached 1 activities
[32m[2024-08-01 19:02:35 INFO] [experiment:59][39m Validating the experiment's syntax
[36m[2024-08-01 19:02:35 DEBUG] [configuration:64][39m Loading configuration...
[36m[2024-08-01 19:02:35 DEBUG] [secret:79][39m Loading secrets...
[36m[2024-08-01 19:02:35 DEBUG] [secret:104][39m Done loading secrets
[32m[2024-08-01 19:02:35 INFO] [experiment:112][39m Experiment looks valid
[36m[2024-08-01 19:02:35 DEBUG] [caching:42][39m Clearing activities cache
[36m[2024-08-01 19:02:35 DEBUG] [run:224][39m Runtime strategies: hypothesis - default / rollbacks - default
[36m[2024-08-01 19:02:35 DEBUG] [caching:24][39m Building activity cache...
[36m[2024-08-01 19:02:35 DEBUG] [caching:35][39m Cached 1 activities
[36m[2024-08-01 19:02:35 DEBUG] [configuration:64][39m Loading configuration...
[36m[2024-08-01 19:02:35 DEBUG] [secret:79][39m Loading secrets...
[36m[2024-08-01 19:02:35 DEBUG] [secret:104][39m Done loading secrets
[36m[2024-08-01 19:02:35 DEBUG] [configuration:161][39m Loading dynamic configuration...
[36m[2024-08-01 19:02:35 DEBUG] [exit:91][39m System 'Windows-10-10.0.19045-SP0' does not expose SIGUSR signals
[32m[2024-08-01 19:02:35 INFO] [run:440][39m Running experiment: Node.js Application Health Check
[36m[2024-08-01 19:02:35 DEBUG] [__init__:67][39m Initializing controls
[32m[2024-08-01 19:02:35 INFO] [run:471][39m Steady-state strategy: default
[32m[2024-08-01 19:02:35 INFO] [run:477][39m Rollbacks strategy: default
[32m[2024-08-01 19:02:35 INFO] [run:485][39m No steady state hypothesis defined. That's ok, just exploring.
[36m[2024-08-01 19:02:35 DEBUG] [__init__:472][39m No controls to apply on 'experiment'
[32m[2024-08-01 19:02:35 INFO] [run:778][39m Playing your experiment's method now...
[36m[2024-08-01 19:02:35 DEBUG] [__init__:472][39m No controls to apply on 'method'
[36m[2024-08-01 19:02:35 DEBUG] [__init__:472][39m No controls to apply on 'activity'
[32m[2024-08-01 19:02:35 INFO] [activity:232][39m Action: simulate-failure
[36m[2024-08-01 19:02:35 DEBUG] [process:52][39m Running: ['C:\\Program Files\\Git\\usr\\bin\\echo.EXE', 'Simulate some failure here']
[36m[2024-08-01 19:02:35 DEBUG] [activity:260][39m   => succeeded with '{'status': 0, 'stdout': 'Simulate some failure here\n', 'stderr': ''}'
[36m[2024-08-01 19:02:35 DEBUG] [__init__:472][39m No controls to apply on 'activity'
[36m[2024-08-01 19:02:35 DEBUG] [__init__:472][39m No controls to apply on 'method'
[32m[2024-08-01 19:02:35 INFO] [run:1072][39m Let's rollback...
[36m[2024-08-01 19:02:35 DEBUG] [__init__:472][39m No controls to apply on 'rollback'
[32m[2024-08-01 19:02:35 INFO] [rollback:33][39m No declared rollbacks, let's move on.
[36m[2024-08-01 19:02:35 DEBUG] [__init__:472][39m No controls to apply on 'rollback'
[32m[2024-08-01 19:02:35 INFO] [run:598][39m Experiment ended with status: completed
[36m[2024-08-01 19:02:35 DEBUG] [__init__:472][39m No controls to apply on 'experiment'
[36m[2024-08-01 19:02:35 DEBUG] [__init__:106][39m Cleaning up controls
[36m[2024-08-01 19:02:35 DEBUG] [caching:42][39m Clearing activities cache
[36m[2024-08-01 19:06:22 DEBUG] [__init__:101][39m ###############################################################################
[36m[2024-08-01 19:06:22 DEBUG] [__init__:102][39m Running command 'run'
[36m[2024-08-01 19:06:22 DEBUG] [__init__:106][39m Using settings file 'C:\Users\Adi\.chaostoolkit\settings.yaml'
[36m[2024-08-01 19:06:22 DEBUG] [settings:31][39m The Chaos Toolkit settings file could not be found at 'C:\Users\Adi\.chaostoolkit\settings.yaml'.
[36m[2024-08-01 19:06:22 DEBUG] [__init__:472][39m No controls to apply on 'loader'
[36m[2024-08-01 19:06:22 DEBUG] [__init__:472][39m No controls to apply on 'loader'
[36m[2024-08-01 19:06:22 DEBUG] [caching:24][39m Building activity cache...
[36m[2024-08-01 19:06:22 DEBUG] [caching:35][39m Cached 2 activities
[32m[2024-08-01 19:06:22 INFO] [experiment:59][39m Validating the experiment's syntax
[36m[2024-08-01 19:06:22 DEBUG] [configuration:64][39m Loading configuration...
[36m[2024-08-01 19:06:22 DEBUG] [secret:79][39m Loading secrets...
[36m[2024-08-01 19:06:22 DEBUG] [secret:104][39m Done loading secrets
[32m[2024-08-01 19:06:22 INFO] [experiment:112][39m Experiment looks valid
[36m[2024-08-01 19:06:22 DEBUG] [caching:42][39m Clearing activities cache
[36m[2024-08-01 19:06:22 DEBUG] [run:224][39m Runtime strategies: hypothesis - default / rollbacks - default
[36m[2024-08-01 19:06:22 DEBUG] [caching:24][39m Building activity cache...
[36m[2024-08-01 19:06:22 DEBUG] [caching:35][39m Cached 2 activities
[36m[2024-08-01 19:06:22 DEBUG] [configuration:64][39m Loading configuration...
[36m[2024-08-01 19:06:22 DEBUG] [secret:79][39m Loading secrets...
[36m[2024-08-01 19:06:22 DEBUG] [secret:104][39m Done loading secrets
[36m[2024-08-01 19:06:22 DEBUG] [configuration:161][39m Loading dynamic configuration...
[36m[2024-08-01 19:06:22 DEBUG] [exit:91][39m System 'Windows-10-10.0.19045-SP0' does not expose SIGUSR signals
[32m[2024-08-01 19:06:22 INFO] [run:440][39m Running experiment: Node.js Application Health Check
[36m[2024-08-01 19:06:22 DEBUG] [__init__:67][39m Initializing controls
[32m[2024-08-01 19:06:22 INFO] [run:471][39m Steady-state strategy: default
[32m[2024-08-01 19:06:22 INFO] [run:477][39m Rollbacks strategy: default
[36m[2024-08-01 19:06:22 DEBUG] [__init__:472][39m No controls to apply on 'experiment'
[36m[2024-08-01 19:06:22 DEBUG] [run:654][39m Running steady-state hypothesis before the method
[32m[2024-08-01 19:06:22 INFO] [hypothesis:205][39m Steady state hypothesis: Node.js application is healthy
[36m[2024-08-01 19:06:22 DEBUG] [__init__:472][39m No controls to apply on 'hypothesis'
[36m[2024-08-01 19:06:22 DEBUG] [__init__:472][39m No controls to apply on 'activity'
[32m[2024-08-01 19:06:22 INFO] [activity:232][39m Probe: front-service-must-be-ok
[36m[2024-08-01 19:06:22 DEBUG] [activity:260][39m   => succeeded with '{'status': 200, 'headers': {'X-Powered-By': 'Express', 'Content-Type': 'text/html; charset=utf-8', 'Content-Length': '15075', 'ETag': 'W/"3ae3-M7HrA9MarEonlNcrYC9Bd4Km9hc"', 'Set-Cookie': 'connect.sid=s%3AUW-xr00Xd9zMmS51f5kdJ6DytkNW3TGA.jrvcXMFVRsJruFM2wfy2Igmbfr4EppDk2Gu6Q1xLC5c; Path=/; HttpOnly', 'Date': 'Thu, 01 Aug 2024 18:06:22 GMT', 'Connection': 'keep-alive', 'Keep-Alive': 'timeout=5'}, 'body': '<!--Import header-->\r\n<!DOCTYPE html>\r\n<html lang="en">\r\n\r\n<head>\r\n    <meta charset="UTF-8">\r\n    <meta http-equiv="X-UA-Compatible" content="IE=edge">\r\n    <meta name="viewport" content="width=device-width, initial-scale=1.0">\r\n\r\n    <script src="https://use.fontawesome.com/493e5f9de8.js"></script>\r\n\r\n\r\n\r\n\r\n    <link rel="stylesheet" href="css/header.css">\r\n    <link rel="stylesheet" href="css/main.css">\r\n\r\n    <link rel="stylesheet" href="css/contact.css">\r\n    <link rel="stylesheet" href="css/gallery.css">\r\n    <link rel="stylesheet" href="css/all.min.css">\r\n    <link rel="stylesheet" href="css/rooms.css">\r\n\r\n\r\n    <link rel="stylesheet" type="text/css" href="css/owl.carousel.min.css">\r\n    <link rel="manifest" href="./manifest.webmanifest">\r\n\r\n\r\n\r\n    <link href="https://cdn.jsdelivr.net/npm/bootstrap@5.1.3/dist/css/bootstrap.min.css" rel="stylesheet"\r\n        integrity="sha384-1BmE4kWBq78iYhFldvKuhfTAU6auU8tT94WrHftjDbrCEXSU1oBoqyl2QvZ6jIW3" crossorigin="anonymous">\r\n\r\n    <script src="https://code.jquery.com/jquery-3.6.0.js"\r\n        integrity="sha256-H+K7U5CnXl1h5ywQfKtSj8PCmoN9aaq30gDh27Xc0jk=" crossorigin="anonymous"></script>\r\n\r\n\r\n    <script src="https://code.jquery.com/ui/1.13.1/jquery-ui.js"></script>\r\n\r\n\r\n\r\n\r\n\r\n\r\n\r\n    <title>Ski Resort</title>\r\n</head>\r\n\r\n<body>\r\n\r\n\r\n    <div id="menu-bar"></div>\r\n\r\n\r\n    <nav class="navbar navbar-expand-lg navbar-light bg-dark">\r\n        <div class="container">\r\n            <a class="logo navbar-brand" href="#">CHAOS<span>Toolkit</span></a>\r\n\r\n            <button class="navbar-toggler" type="button" data-bs-toggle="collapse" data-bs-target="#navbarsExample04"\r\n                aria-controls="navbarsExample04" aria-expanded="false" aria-label="Toggle navigation">\r\n                <span></span>\r\n                <span></span>\r\n                <span></span>\r\n            </button>\r\n\r\n            <div class="collapse navbar-collapse " id="navbarsExample04">\r\n                <ul class="navbar-nav me-auto mb-2 mb-md-0 ms-auto">\r\n                    <li class="nav-item">\r\n                        <a class="nav-link" href="/">Home</a>\r\n                    </li>\r\n\r\n                    <li class="nav-item">\r\n                        <a class="nav-link" href="/gallery">Gallery</a>\r\n                    </li>\r\n                    <li class="nav-item">\r\n                        <a class="nav-link" href="/contact">Contact</a>\r\n                    </li>\r\n\r\n                </ul>\r\n\r\n                <div class="icons login-icon ms-auto">\r\n\r\n                    <a class="user-icon" href="login"><i class="fas fa-user"></i></a>\r\n                </div>\r\n\r\n\r\n                <ul class="navbar-nav ms-auto">\r\n                    <a href="book"><button class="mt-2 btn" type="submit">Book Class</button></a>\r\n\r\n                </ul>\r\n\r\n\r\n\r\n\r\n\r\n            </div>\r\n        </div>\r\n    </nav>\r\n\r\n\r\n\r\n\r\n    <script src="https://code.jquery.com/jquery-3.2.1.min.js"></script>\r\n    <script src="js/owl.carousel.min.js"></script>\r\n\r\n\r\n    <script src="js/script.js"></script>\r\n\r\n</body>\r\n\r\n</html>\r\n    <div class="contact">\r\n\r\n        <h1 class="sub-headline">Contact Us</h1>\r\n\r\n    </div>\r\n    <div class="container contact-page">\r\n\r\n        <div class="contact-wrap">\r\n            <div class="contact-in">\r\n\r\n\r\n                <!--direct links to social websites, phone, email, location-->\r\n                <h2><a href="tel:Phone\r\n                    0700111222"><i class="fas fa-phone"></a></i>Phone</h2>\r\n                <p>0700111222</p>\r\n                <h2><a href="mailto:contact@skiresort.com"><i class="fas fa-envelope"></a></i>Email</h2>\r\n                <p>contact@skiresort.com</p>\r\n                <h2><a\r\n                        href="https://www.google.com/maps/place/Predeal+505300,+Romania/@45.4893536,25.5456157,13z/data=!3m1!4b1!4m5!3m4!1s0x40b341c24cbeabdd:0x510ebbfd3550475b!8m2!3d45.4963952!4d25.5815062"><i\r\n                            class="fas fa-map-marker"></a></i>Address</h2>\r\n                <p>Prdeal, Romania</p>\r\n                <ul>\r\n                    <li>\r\n                        <a href="https://www.instagram.com/?hl=en"><i class="fab fa-instagram"></i></a>\r\n\r\n                    </li>\r\n                    <li>\r\n                        <a href="#https://www.facebook.com/"><i class=" fab fa-facebook-square"></i></a>\r\n\r\n                    </li>\r\n                    <li>\r\n                        <a href="https://www.youtube.com/"><i class="fab fa-youtube"></i></a>\r\n\r\n                    </li>\r\n                    <li>\r\n                        <a href="https://www.tripadvisor.ie/"><i class="fab fa-tripadvisor"></i></a>\r\n\r\n                    </li>\r\n\r\n                </ul>\r\n\r\n            </div>\r\n\r\n            <div class="my-button contact-form contact-in">\r\n                <h1>Send a message</h1>\r\n                <form action="/contact" method="POST">\r\n                    <form id="" action="/register" method="post">\r\n                        <div class="mb-5 alert-success" role="alert">\r\n\r\n                            <!--Get message from server side when form submitted-->\r\n                            \r\n\r\n                        </div>\r\n                        <input type="text" onkeypress="acceptOnlyLetters(event)" name="name" id="name"\r\n                            class="contact-in-input" placeholder="Firstname" required>\r\n                        <input type="email" name="email" id="email" class="contact-in-input" placeholder="Email"\r\n                            required>\r\n                        <input type="tel" onkeypress="acceptOnlyNumbers(event)" name="phone" id="phone" minlength="8"\r\n                            class="contact-in-input" placeholder="Phone" required>\r\n                        <textarea placeholder="Message" id="message" class="contact-in-textarea" name="message"\r\n                            required></textarea>\r\n                        <input type="submit" value="SUBMIT" id="contact" class="btn">\r\n                    </form>\r\n\r\n            </div>\r\n\r\n\r\n            <!--Import google map link of the Resort\'s address-->\r\n\r\n            <div class="contact-in">\r\n\r\n                <div style="width: 100%"><iframe width="100%" height="600" frameborder="0" scrolling="no"\r\n                        marginheight="0" marginwidth="0"\r\n                        src="https://maps.google.com/maps?width=100%25&amp;height=600&amp;hl=en&amp;q=Predeal+()&amp;t=&amp;z=14&amp;ie=UTF8&amp;iwloc=B&amp;output=embed"><a\r\n                            href="https://www.gps.ie/marine-gps/">shipping gps</a></iframe></div>\r\n\r\n            </div>\r\n\r\n        </div>\r\n\r\n    </div>\r\n\r\n    <script>\r\n        //function to accept only letters for contact form name input \r\n\r\n        function acceptOnlyLetters(evt) {\r\n\r\n            var letter = String.fromCharCode(evt.which);\r\n\r\n            if (!(/[a-z, A-Z]/.test(letter))) {\r\n                evt.preventDefault();\r\n            }\r\n\r\n        }\r\n\r\n        //function to accept only numbers for contact form phone input (input type=text)\r\n\r\n        function acceptOnlyNumbers(evt) {\r\n\r\n            var number = String.fromCharCode(evt.which);\r\n\r\n            if (!(/[0-9]/.test(number))) {\r\n                evt.preventDefault();\r\n            }\r\n\r\n        }\r\n    </script>\r\n\r\n\r\n\r\n\r\n    <!--Import footer-->\r\n    <!DOCTYPE html>\r\n<html lang="en">\r\n\r\n<head>\r\n    <meta charset="UTF-8">\r\n    <meta http-equiv="X-UA-Compatible" content="IE=edge">\r\n    <meta name="viewport" content="width=device-width, initial-scale=1.0">\r\n\r\n    <script src="https://use.fontawesome.com/493e5f9de8.js"></script>\r\n    <link rel="stylesheet" href="css/footer.css">\r\n\r\n    <link href="https://cdn.jsdelivr.net/npm/bootstrap@5.1.3/dist/css/bootstrap.min.css" rel="stylesheet"\r\n        integrity="sha384-1BmE4kWBq78iYhFldvKuhfTAU6auU8tT94WrHftjDbrCEXSU1oBoqyl2QvZ6jIW3" crossorigin="anonymous">\r\n\r\n\r\n    <title>Ski Resort</title>\r\n</head>\r\n\r\n<body>\r\n    <!-- Footer -->\r\n    <footer class="bg-dark text-center text-white">\r\n        <!-- Grid container -->\r\n        <div class="container p-4">\r\n            <!-- Section: Social media -->\r\n            <section class="mb-4">\r\n                <!-- Facebook -->\r\n                <a class="btn btn-outline-light btn-floating m-1" href="https://www.facebook.com/" role="button"><i\r\n                        class="fa-brands fa-facebook-square"></i></a>\r\n\r\n\r\n                <!-- Youtube -->\r\n                <a class="btn btn-outline-light btn-floating m-1" href="https://www.youtube.com/" role="button"><i\r\n                        class="fa fa-youtube"></i></a>\r\n\r\n                <!-- Instagram -->\r\n                <a class="btn btn-outline-light btn-floating m-1" href="https://www.instagram.com/?hl=en"\r\n                    role="button"><i class="fa fa-instagram"></i></a>\r\n            </section>\r\n            <!-- Section: Social media -->\r\n\r\n            <!-- Section: Form -->\r\n            <section class="">\r\n\r\n                <!--Grid row-->\r\n                <div class="row d-flex justify-content-center">\r\n                    <!--Grid column-->\r\n                    <div class="col-auto">\r\n                        <p class="pt-2">\r\n                            <strong>Sign up for our newsletter</strong>\r\n                        </p>\r\n                    </div>\r\n                    <!--Grid column-->\r\n\r\n                    <!--Grid column-->\r\n                    <div class="col-md-5 col-12">\r\n                        <!-- Email input -->\r\n                        <form action="/email" method="POST">\r\n                            <div class="form-outline form-white mb-4">\r\n\r\n                                <input type="email" name="email" id="newsletter" class="form-control" required />\r\n                                <label class="form-label" for="newsletter">Email address</label>\r\n\r\n                            </div>\r\n                    </div>\r\n                    <!--Grid column-->\r\n\r\n                    <!--Grid column-->\r\n                    <div class="col-auto">\r\n                        <!-- Submit button -->\r\n                        <button type="submit" id="emailsubmitbutton" class="btn">\r\n                            Subscribe\r\n                        </button>\r\n                        </form>\r\n\r\n                    </div>\r\n                    <!--Grid column-->\r\n                </div>\r\n                <!--Grid row-->\r\n\r\n            </section>\r\n\r\n\r\n            <!-- Section: Text -->\r\n            <section class="mb-4">\r\n                <p>\r\n                    HIIT Training for your health\r\n                </p>\r\n            </section>\r\n            <!-- Section: Text -->\r\n\r\n            <!-- Section: Links -->\r\n            <section class="">\r\n                <!--Grid row-->\r\n                <div class="row">\r\n                    <!--Grid column-->\r\n                    <div class="col-lg-3 col-md-6 mb-4 mb-md-0">\r\n                        <h5 class="text-uppercase">Details</h5>\r\n\r\n                        <ul class="list-unstyled mb-0">\r\n                            <li>\r\n                                <a href="rooms" class="text-white">Classes</a>\r\n                            </li>\r\n                            <li>\r\n                                <a href="restaurant" class="text-white">Instructors</a>\r\n                            </li>\r\n                            <li>\r\n                                <a href="everski" class="text-white">Stay Active</a>\r\n                            </li>\r\n\r\n                        </ul>\r\n                    </div>\r\n                    <!--Grid column-->\r\n\r\n                    <!--Grid column-->\r\n                    <div class="col-lg-3 col-md-6 mb-4 mb-md-0">\r\n                        <h5 class="text-uppercase">Activities</h5>\r\n\r\n                        <ul class="list-unstyled mb-0">\r\n                            <li>\r\n                                <a href="#!" class="text-white">Training</a>\r\n                            </li>\r\n                            <li>\r\n                                <a href="#!" class="text-white">Town</a>\r\n                            </li>\r\n                            <li>\r\n                                <a href="#!" class="text-white">Around</a>\r\n                            </li>\r\n\r\n                        </ul>\r\n                    </div>\r\n                    <!--Grid column-->\r\n\r\n                    <!--Grid column-->\r\n                    <div class="col-lg-3 col-md-6 mb-4 mb-md-0">\r\n                        <h5 class="text-uppercase">Social</h5>\r\n\r\n                        <ul class="list-unstyled mb-0">\r\n                            <li>\r\n                                <a href="https://www.facebook.com/" class="text-white">Facebook</a>\r\n                            </li>\r\n                            <li>\r\n                                <a href="https://www.instagram.com/?hl=en" class="text-white">Instagram</a>\r\n                            <li>\r\n                                <a href="https://www.youtube.com/" class="text-white">Youtube</a>\r\n                            </li>\r\n                            </li>\r\n\r\n                        </ul>\r\n                    </div>\r\n                    <!--Grid column-->\r\n\r\n                    <!--Grid column-->\r\n                    <div class="col-lg-3 col-md-6 mb-4 mb-md-0">\r\n                        <h5 class="text-uppercase">Address</h5>\r\n\r\n                        <ul class="list-unstyled mb-0">\r\n                            <li>\r\n                                <a href="#https://www.google.com/maps/place/Predeal+505300,+Romania/@45.4892934,25.5456157,13z/data=!3m1!4b1!4m5!3m4!1s0x40b341c24cbeabdd:0x510ebbfd3550475b!8m2!3d45.4963952!4d25.5815062"\r\n                                    class="text-white">40 Mountain Road 1</a>\r\n                            </li>\r\n                            <li>\r\n                                <a href="https://www.google.com/maps/place/Predeal+505300,+Romania/@45.4892934,25.5456157,13z/data=!3m1!4b1!4m5!3m4!1s0x40b341c24cbeabdd:0x510ebbfd3550475b!8m2!3d45.4963952!4d25.5815062"\r\n                                    class="text-white">Innsbruck</a>\r\n                            </li>\r\n                            <li>\r\n                                <a href="tel:+0721666666" class="text-white">021 210000</a>\r\n                            </li>\r\n\r\n                        </ul>\r\n                    </div>\r\n                    <!--Grid column-->\r\n                </div>\r\n                <!--Grid row-->\r\n            </section>\r\n            <!-- Section: Links -->\r\n        </div>\r\n        <!-- Grid container -->\r\n\r\n        <!-- Copyright -->\r\n        <div class="text-center p-3">\r\n             2022 Copyright:\r\n            <a class="text-white" href="http://localhost:3000/">HiitTraining.com</a>\r\n        </div>\r\n        <!-- Copyright -->\r\n    </footer>\r\n    <!-- Footer -->\r\n\r\n\r\n\r\n\r\n\r\n\r\n    <script src="https://cdn.jsdelivr.net/npm/bootstrap@5.1.3/dist/js/bootstrap.bundle.min.js"\r\n        integrity="sha384-ka7Sk0Gln4gmtz2MlQnikT1wXgYsOg+OMhuP+IlRH9sENBO0LRn5q+8nbTov4+1p"\r\n        crossorigin="anonymous"></script>\r\n</body>\r\n\r\n</html>'}'
[36m[2024-08-01 19:06:22 DEBUG] [__init__:472][39m No controls to apply on 'activity'
[36m[2024-08-01 19:06:22 DEBUG] [hypothesis:247][39m allowed tolerance is 200
[32m[2024-08-01 19:06:22 INFO] [hypothesis:260][39m Steady state hypothesis is met!
[36m[2024-08-01 19:06:22 DEBUG] [__init__:472][39m No controls to apply on 'hypothesis'
[32m[2024-08-01 19:06:22 INFO] [run:778][39m Playing your experiment's method now...
[36m[2024-08-01 19:06:22 DEBUG] [__init__:472][39m No controls to apply on 'method'
[36m[2024-08-01 19:06:22 DEBUG] [__init__:472][39m No controls to apply on 'activity'
[32m[2024-08-01 19:06:22 INFO] [activity:232][39m Action: simulate-failure
[36m[2024-08-01 19:06:22 DEBUG] [process:52][39m Running: ['C:\\Program Files\\Git\\usr\\bin\\echo.EXE', 'Simulate some failure here']
[36m[2024-08-01 19:06:22 DEBUG] [activity:260][39m   => succeeded with '{'status': 0, 'stdout': 'Simulate some failure here\n', 'stderr': ''}'
[36m[2024-08-01 19:06:22 DEBUG] [__init__:472][39m No controls to apply on 'activity'
[36m[2024-08-01 19:06:22 DEBUG] [__init__:472][39m No controls to apply on 'method'
[36m[2024-08-01 19:06:22 DEBUG] [run:696][39m Running steady-state hypothesis after the method
[32m[2024-08-01 19:06:22 INFO] [hypothesis:205][39m Steady state hypothesis: Node.js application is healthy
[36m[2024-08-01 19:06:22 DEBUG] [__init__:472][39m No controls to apply on 'hypothesis'
[36m[2024-08-01 19:06:22 DEBUG] [__init__:472][39m No controls to apply on 'activity'
[32m[2024-08-01 19:06:22 INFO] [activity:232][39m Probe: front-service-must-be-ok
[36m[2024-08-01 19:06:22 DEBUG] [activity:260][39m   => succeeded with '{'status': 200, 'headers': {'X-Powered-By': 'Express', 'Content-Type': 'text/html; charset=utf-8', 'Content-Length': '15075', 'ETag': 'W/"3ae3-M7HrA9MarEonlNcrYC9Bd4Km9hc"', 'Set-Cookie': 'connect.sid=s%3ACAB2kF5THKnRuKBYltJxSSDywxI8KJLG.N%2BxHeI%2BjOCBTaI2EGhi36Ld4L5WawNguYp4AupXN%2FRw; Path=/; HttpOnly', 'Date': 'Thu, 01 Aug 2024 18:06:22 GMT', 'Connection': 'keep-alive', 'Keep-Alive': 'timeout=5'}, 'body': '<!--Import header-->\r\n<!DOCTYPE html>\r\n<html lang="en">\r\n\r\n<head>\r\n    <meta charset="UTF-8">\r\n    <meta http-equiv="X-UA-Compatible" content="IE=edge">\r\n    <meta name="viewport" content="width=device-width, initial-scale=1.0">\r\n\r\n    <script src="https://use.fontawesome.com/493e5f9de8.js"></script>\r\n\r\n\r\n\r\n\r\n    <link rel="stylesheet" href="css/header.css">\r\n    <link rel="stylesheet" href="css/main.css">\r\n\r\n    <link rel="stylesheet" href="css/contact.css">\r\n    <link rel="stylesheet" href="css/gallery.css">\r\n    <link rel="stylesheet" href="css/all.min.css">\r\n    <link rel="stylesheet" href="css/rooms.css">\r\n\r\n\r\n    <link rel="stylesheet" type="text/css" href="css/owl.carousel.min.css">\r\n    <link rel="manifest" href="./manifest.webmanifest">\r\n\r\n\r\n\r\n    <link href="https://cdn.jsdelivr.net/npm/bootstrap@5.1.3/dist/css/bootstrap.min.css" rel="stylesheet"\r\n        integrity="sha384-1BmE4kWBq78iYhFldvKuhfTAU6auU8tT94WrHftjDbrCEXSU1oBoqyl2QvZ6jIW3" crossorigin="anonymous">\r\n\r\n    <script src="https://code.jquery.com/jquery-3.6.0.js"\r\n        integrity="sha256-H+K7U5CnXl1h5ywQfKtSj8PCmoN9aaq30gDh27Xc0jk=" crossorigin="anonymous"></script>\r\n\r\n\r\n    <script src="https://code.jquery.com/ui/1.13.1/jquery-ui.js"></script>\r\n\r\n\r\n\r\n\r\n\r\n\r\n\r\n    <title>Ski Resort</title>\r\n</head>\r\n\r\n<body>\r\n\r\n\r\n    <div id="menu-bar"></div>\r\n\r\n\r\n    <nav class="navbar navbar-expand-lg navbar-light bg-dark">\r\n        <div class="container">\r\n            <a class="logo navbar-brand" href="#">CHAOS<span>Toolkit</span></a>\r\n\r\n            <button class="navbar-toggler" type="button" data-bs-toggle="collapse" data-bs-target="#navbarsExample04"\r\n                aria-controls="navbarsExample04" aria-expanded="false" aria-label="Toggle navigation">\r\n                <span></span>\r\n                <span></span>\r\n                <span></span>\r\n            </button>\r\n\r\n            <div class="collapse navbar-collapse " id="navbarsExample04">\r\n                <ul class="navbar-nav me-auto mb-2 mb-md-0 ms-auto">\r\n                    <li class="nav-item">\r\n                        <a class="nav-link" href="/">Home</a>\r\n                    </li>\r\n\r\n                    <li class="nav-item">\r\n                        <a class="nav-link" href="/gallery">Gallery</a>\r\n                    </li>\r\n                    <li class="nav-item">\r\n                        <a class="nav-link" href="/contact">Contact</a>\r\n                    </li>\r\n\r\n                </ul>\r\n\r\n                <div class="icons login-icon ms-auto">\r\n\r\n                    <a class="user-icon" href="login"><i class="fas fa-user"></i></a>\r\n                </div>\r\n\r\n\r\n                <ul class="navbar-nav ms-auto">\r\n                    <a href="book"><button class="mt-2 btn" type="submit">Book Class</button></a>\r\n\r\n                </ul>\r\n\r\n\r\n\r\n\r\n\r\n            </div>\r\n        </div>\r\n    </nav>\r\n\r\n\r\n\r\n\r\n    <script src="https://code.jquery.com/jquery-3.2.1.min.js"></script>\r\n    <script src="js/owl.carousel.min.js"></script>\r\n\r\n\r\n    <script src="js/script.js"></script>\r\n\r\n</body>\r\n\r\n</html>\r\n    <div class="contact">\r\n\r\n        <h1 class="sub-headline">Contact Us</h1>\r\n\r\n    </div>\r\n    <div class="container contact-page">\r\n\r\n        <div class="contact-wrap">\r\n            <div class="contact-in">\r\n\r\n\r\n                <!--direct links to social websites, phone, email, location-->\r\n                <h2><a href="tel:Phone\r\n                    0700111222"><i class="fas fa-phone"></a></i>Phone</h2>\r\n                <p>0700111222</p>\r\n                <h2><a href="mailto:contact@skiresort.com"><i class="fas fa-envelope"></a></i>Email</h2>\r\n                <p>contact@skiresort.com</p>\r\n                <h2><a\r\n                        href="https://www.google.com/maps/place/Predeal+505300,+Romania/@45.4893536,25.5456157,13z/data=!3m1!4b1!4m5!3m4!1s0x40b341c24cbeabdd:0x510ebbfd3550475b!8m2!3d45.4963952!4d25.5815062"><i\r\n                            class="fas fa-map-marker"></a></i>Address</h2>\r\n                <p>Prdeal, Romania</p>\r\n                <ul>\r\n                    <li>\r\n                        <a href="https://www.instagram.com/?hl=en"><i class="fab fa-instagram"></i></a>\r\n\r\n                    </li>\r\n                    <li>\r\n                        <a href="#https://www.facebook.com/"><i class=" fab fa-facebook-square"></i></a>\r\n\r\n                    </li>\r\n                    <li>\r\n                        <a href="https://www.youtube.com/"><i class="fab fa-youtube"></i></a>\r\n\r\n                    </li>\r\n                    <li>\r\n                        <a href="https://www.tripadvisor.ie/"><i class="fab fa-tripadvisor"></i></a>\r\n\r\n                    </li>\r\n\r\n                </ul>\r\n\r\n            </div>\r\n\r\n            <div class="my-button contact-form contact-in">\r\n                <h1>Send a message</h1>\r\n                <form action="/contact" method="POST">\r\n                    <form id="" action="/register" method="post">\r\n                        <div class="mb-5 alert-success" role="alert">\r\n\r\n                            <!--Get message from server side when form submitted-->\r\n                            \r\n\r\n                        </div>\r\n                        <input type="text" onkeypress="acceptOnlyLetters(event)" name="name" id="name"\r\n                            class="contact-in-input" placeholder="Firstname" required>\r\n                        <input type="email" name="email" id="email" class="contact-in-input" placeholder="Email"\r\n                            required>\r\n                        <input type="tel" onkeypress="acceptOnlyNumbers(event)" name="phone" id="phone" minlength="8"\r\n                            class="contact-in-input" placeholder="Phone" required>\r\n                        <textarea placeholder="Message" id="message" class="contact-in-textarea" name="message"\r\n                            required></textarea>\r\n                        <input type="submit" value="SUBMIT" id="contact" class="btn">\r\n                    </form>\r\n\r\n            </div>\r\n\r\n\r\n            <!--Import google map link of the Resort\'s address-->\r\n\r\n            <div class="contact-in">\r\n\r\n                <div style="width: 100%"><iframe width="100%" height="600" frameborder="0" scrolling="no"\r\n                        marginheight="0" marginwidth="0"\r\n                        src="https://maps.google.com/maps?width=100%25&amp;height=600&amp;hl=en&amp;q=Predeal+()&amp;t=&amp;z=14&amp;ie=UTF8&amp;iwloc=B&amp;output=embed"><a\r\n                            href="https://www.gps.ie/marine-gps/">shipping gps</a></iframe></div>\r\n\r\n            </div>\r\n\r\n        </div>\r\n\r\n    </div>\r\n\r\n    <script>\r\n        //function to accept only letters for contact form name input \r\n\r\n        function acceptOnlyLetters(evt) {\r\n\r\n            var letter = String.fromCharCode(evt.which);\r\n\r\n            if (!(/[a-z, A-Z]/.test(letter))) {\r\n                evt.preventDefault();\r\n            }\r\n\r\n        }\r\n\r\n        //function to accept only numbers for contact form phone input (input type=text)\r\n\r\n        function acceptOnlyNumbers(evt) {\r\n\r\n            var number = String.fromCharCode(evt.which);\r\n\r\n            if (!(/[0-9]/.test(number))) {\r\n                evt.preventDefault();\r\n            }\r\n\r\n        }\r\n    </script>\r\n\r\n\r\n\r\n\r\n    <!--Import footer-->\r\n    <!DOCTYPE html>\r\n<html lang="en">\r\n\r\n<head>\r\n    <meta charset="UTF-8">\r\n    <meta http-equiv="X-UA-Compatible" content="IE=edge">\r\n    <meta name="viewport" content="width=device-width, initial-scale=1.0">\r\n\r\n    <script src="https://use.fontawesome.com/493e5f9de8.js"></script>\r\n    <link rel="stylesheet" href="css/footer.css">\r\n\r\n    <link href="https://cdn.jsdelivr.net/npm/bootstrap@5.1.3/dist/css/bootstrap.min.css" rel="stylesheet"\r\n        integrity="sha384-1BmE4kWBq78iYhFldvKuhfTAU6auU8tT94WrHftjDbrCEXSU1oBoqyl2QvZ6jIW3" crossorigin="anonymous">\r\n\r\n\r\n    <title>Ski Resort</title>\r\n</head>\r\n\r\n<body>\r\n    <!-- Footer -->\r\n    <footer class="bg-dark text-center text-white">\r\n        <!-- Grid container -->\r\n        <div class="container p-4">\r\n            <!-- Section: Social media -->\r\n            <section class="mb-4">\r\n                <!-- Facebook -->\r\n                <a class="btn btn-outline-light btn-floating m-1" href="https://www.facebook.com/" role="button"><i\r\n                        class="fa-brands fa-facebook-square"></i></a>\r\n\r\n\r\n                <!-- Youtube -->\r\n                <a class="btn btn-outline-light btn-floating m-1" href="https://www.youtube.com/" role="button"><i\r\n                        class="fa fa-youtube"></i></a>\r\n\r\n                <!-- Instagram -->\r\n                <a class="btn btn-outline-light btn-floating m-1" href="https://www.instagram.com/?hl=en"\r\n                    role="button"><i class="fa fa-instagram"></i></a>\r\n            </section>\r\n            <!-- Section: Social media -->\r\n\r\n            <!-- Section: Form -->\r\n            <section class="">\r\n\r\n                <!--Grid row-->\r\n                <div class="row d-flex justify-content-center">\r\n                    <!--Grid column-->\r\n                    <div class="col-auto">\r\n                        <p class="pt-2">\r\n                            <strong>Sign up for our newsletter</strong>\r\n                        </p>\r\n                    </div>\r\n                    <!--Grid column-->\r\n\r\n                    <!--Grid column-->\r\n                    <div class="col-md-5 col-12">\r\n                        <!-- Email input -->\r\n                        <form action="/email" method="POST">\r\n                            <div class="form-outline form-white mb-4">\r\n\r\n                                <input type="email" name="email" id="newsletter" class="form-control" required />\r\n                                <label class="form-label" for="newsletter">Email address</label>\r\n\r\n                            </div>\r\n                    </div>\r\n                    <!--Grid column-->\r\n\r\n                    <!--Grid column-->\r\n                    <div class="col-auto">\r\n                        <!-- Submit button -->\r\n                        <button type="submit" id="emailsubmitbutton" class="btn">\r\n                            Subscribe\r\n                        </button>\r\n                        </form>\r\n\r\n                    </div>\r\n                    <!--Grid column-->\r\n                </div>\r\n                <!--Grid row-->\r\n\r\n            </section>\r\n\r\n\r\n            <!-- Section: Text -->\r\n            <section class="mb-4">\r\n                <p>\r\n                    HIIT Training for your health\r\n                </p>\r\n            </section>\r\n            <!-- Section: Text -->\r\n\r\n            <!-- Section: Links -->\r\n            <section class="">\r\n                <!--Grid row-->\r\n                <div class="row">\r\n                    <!--Grid column-->\r\n                    <div class="col-lg-3 col-md-6 mb-4 mb-md-0">\r\n                        <h5 class="text-uppercase">Details</h5>\r\n\r\n                        <ul class="list-unstyled mb-0">\r\n                            <li>\r\n                                <a href="rooms" class="text-white">Classes</a>\r\n                            </li>\r\n                            <li>\r\n                                <a href="restaurant" class="text-white">Instructors</a>\r\n                            </li>\r\n                            <li>\r\n                                <a href="everski" class="text-white">Stay Active</a>\r\n                            </li>\r\n\r\n                        </ul>\r\n                    </div>\r\n                    <!--Grid column-->\r\n\r\n                    <!--Grid column-->\r\n                    <div class="col-lg-3 col-md-6 mb-4 mb-md-0">\r\n                        <h5 class="text-uppercase">Activities</h5>\r\n\r\n                        <ul class="list-unstyled mb-0">\r\n                            <li>\r\n                                <a href="#!" class="text-white">Training</a>\r\n                            </li>\r\n                            <li>\r\n                                <a href="#!" class="text-white">Town</a>\r\n                            </li>\r\n                            <li>\r\n                                <a href="#!" class="text-white">Around</a>\r\n                            </li>\r\n\r\n                        </ul>\r\n                    </div>\r\n                    <!--Grid column-->\r\n\r\n                    <!--Grid column-->\r\n                    <div class="col-lg-3 col-md-6 mb-4 mb-md-0">\r\n                        <h5 class="text-uppercase">Social</h5>\r\n\r\n                        <ul class="list-unstyled mb-0">\r\n                            <li>\r\n                                <a href="https://www.facebook.com/" class="text-white">Facebook</a>\r\n                            </li>\r\n                            <li>\r\n                                <a href="https://www.instagram.com/?hl=en" class="text-white">Instagram</a>\r\n                            <li>\r\n                                <a href="https://www.youtube.com/" class="text-white">Youtube</a>\r\n                            </li>\r\n                            </li>\r\n\r\n                        </ul>\r\n                    </div>\r\n                    <!--Grid column-->\r\n\r\n                    <!--Grid column-->\r\n                    <div class="col-lg-3 col-md-6 mb-4 mb-md-0">\r\n                        <h5 class="text-uppercase">Address</h5>\r\n\r\n                        <ul class="list-unstyled mb-0">\r\n                            <li>\r\n                                <a href="#https://www.google.com/maps/place/Predeal+505300,+Romania/@45.4892934,25.5456157,13z/data=!3m1!4b1!4m5!3m4!1s0x40b341c24cbeabdd:0x510ebbfd3550475b!8m2!3d45.4963952!4d25.5815062"\r\n                                    class="text-white">40 Mountain Road 1</a>\r\n                            </li>\r\n                            <li>\r\n                                <a href="https://www.google.com/maps/place/Predeal+505300,+Romania/@45.4892934,25.5456157,13z/data=!3m1!4b1!4m5!3m4!1s0x40b341c24cbeabdd:0x510ebbfd3550475b!8m2!3d45.4963952!4d25.5815062"\r\n                                    class="text-white">Innsbruck</a>\r\n                            </li>\r\n                            <li>\r\n                                <a href="tel:+0721666666" class="text-white">021 210000</a>\r\n                            </li>\r\n\r\n                        </ul>\r\n                    </div>\r\n                    <!--Grid column-->\r\n                </div>\r\n                <!--Grid row-->\r\n            </section>\r\n            <!-- Section: Links -->\r\n        </div>\r\n        <!-- Grid container -->\r\n\r\n        <!-- Copyright -->\r\n        <div class="text-center p-3">\r\n             2022 Copyright:\r\n            <a class="text-white" href="http://localhost:3000/">HiitTraining.com</a>\r\n        </div>\r\n        <!-- Copyright -->\r\n    </footer>\r\n    <!-- Footer -->\r\n\r\n\r\n\r\n\r\n\r\n\r\n    <script src="https://cdn.jsdelivr.net/npm/bootstrap@5.1.3/dist/js/bootstrap.bundle.min.js"\r\n        integrity="sha384-ka7Sk0Gln4gmtz2MlQnikT1wXgYsOg+OMhuP+IlRH9sENBO0LRn5q+8nbTov4+1p"\r\n        crossorigin="anonymous"></script>\r\n</body>\r\n\r\n</html>'}'
[36m[2024-08-01 19:06:22 DEBUG] [__init__:472][39m No controls to apply on 'activity'
[36m[2024-08-01 19:06:22 DEBUG] [hypothesis:247][39m allowed tolerance is 200
[32m[2024-08-01 19:06:22 INFO] [hypothesis:260][39m Steady state hypothesis is met!
[36m[2024-08-01 19:06:22 DEBUG] [__init__:472][39m No controls to apply on 'hypothesis'
[32m[2024-08-01 19:06:22 INFO] [run:1072][39m Let's rollback...
[36m[2024-08-01 19:06:22 DEBUG] [__init__:472][39m No controls to apply on 'rollback'
[32m[2024-08-01 19:06:22 INFO] [rollback:36][39m Rollback: restore-state
[36m[2024-08-01 19:06:22 DEBUG] [__init__:472][39m No controls to apply on 'activity'
[32m[2024-08-01 19:06:22 INFO] [activity:232][39m Action: restore-state
[36m[2024-08-01 19:06:22 DEBUG] [process:52][39m Running: ['C:\\Program Files\\Git\\usr\\bin\\echo.EXE', 'Restore system to a healthy state']
[36m[2024-08-01 19:06:23 DEBUG] [activity:260][39m   => succeeded with '{'status': 0, 'stdout': 'Restore system to a healthy state\n', 'stderr': ''}'
[36m[2024-08-01 19:06:23 DEBUG] [__init__:472][39m No controls to apply on 'activity'
[36m[2024-08-01 19:06:23 DEBUG] [__init__:472][39m No controls to apply on 'rollback'
[32m[2024-08-01 19:06:23 INFO] [run:598][39m Experiment ended with status: completed
[36m[2024-08-01 19:06:23 DEBUG] [__init__:472][39m No controls to apply on 'experiment'
[36m[2024-08-01 19:06:23 DEBUG] [__init__:106][39m Cleaning up controls
[36m[2024-08-01 19:06:23 DEBUG] [caching:42][39m Clearing activities cache
